{"C:\\Users\\מאיר\\Desktop\\‏‏תיקיה חדשה (5)\\app\\layout.tsx": {"path":"C:\\Users\\מאיר\\Desktop\\‏‏תיקיה חדשה (5)\\app\\layout.tsx","statementMap":{"0":{"start":{"line":10,"column":24},"end":{"line":10,"column":35}},"1":{"start":{"line":4,"column":13},"end":{"line":4,"column":21}},"2":{"start":{"line":2,"column":7},"end":{"line":2,"column":null}},"3":{"start":{"line":4,"column":34},"end":{"line":8,"column":null}}},"fnMap":{"0":{"name":"RootLayout","decl":{"start":{"line":10,"column":24},"end":{"line":10,"column":35}},"loc":{"start":{"line":14,"column":2},"end":{"line":20,"column":1}}}},"branchMap":{},"s":{"0":0,"1":0,"2":0,"3":0},"f":{"0":0},"b":{}}
,"C:\\Users\\מאיר\\Desktop\\‏‏תיקיה חדשה (5)\\app\\page.tsx": {"path":"C:\\Users\\מאיר\\Desktop\\‏‏תיקיה חדשה (5)\\app\\page.tsx","statementMap":{"0":{"start":{"line":35,"column":24},"end":{"line":35,"column":null}},"1":{"start":{"line":3,"column":17},"end":{"line":3,"column":null}},"2":{"start":{"line":4,"column":44},"end":{"line":4,"column":null}},"3":{"start":{"line":5,"column":57},"end":{"line":5,"column":null}},"4":{"start":{"line":6,"column":23},"end":{"line":6,"column":null}}},"fnMap":{"0":{"name":"HomePage","decl":{"start":{"line":35,"column":24},"end":{"line":35,"column":null}},"loc":{"start":{"line":35,"column":24},"end":{"line":132,"column":null}}}},"branchMap":{},"s":{"0":0,"1":0,"2":0,"3":0,"4":0},"f":{"0":0},"b":{}}
,"C:\\Users\\מאיר\\Desktop\\‏‏תיקיה חדשה (5)\\app\\control-center\\page.tsx": {"path":"C:\\Users\\מאיר\\Desktop\\‏‏תיקיה חדשה (5)\\app\\control-center\\page.tsx","statementMap":{"0":{"start":{"line":32,"column":24},"end":{"line":32,"column":null}},"1":{"start":{"line":3,"column":36},"end":{"line":3,"column":null}},"2":{"start":{"line":20,"column":7},"end":{"line":20,"column":null}},"3":{"start":{"line":21,"column":57},"end":{"line":21,"column":null}},"4":{"start":{"line":22,"column":23},"end":{"line":22,"column":null}},"5":{"start":{"line":23,"column":40},"end":{"line":23,"column":null}},"6":{"start":{"line":25,"column":27},"end":{"line":25,"column":null}},"7":{"start":{"line":27,"column":22},"end":{"line":27,"column":null}},"8":{"start":{"line":28,"column":23},"end":{"line":28,"column":null}},"9":{"start":{"line":29,"column":42},"end":{"line":29,"column":null}},"10":{"start":{"line":30,"column":29},"end":{"line":30,"column":null}},"11":{"start":{"line":33,"column":40},"end":{"line":33,"column":null}},"12":{"start":{"line":34,"column":38},"end":{"line":34,"column":null}},"13":{"start":{"line":35,"column":32},"end":{"line":35,"column":null}},"14":{"start":{"line":36,"column":44},"end":{"line":36,"column":null}},"15":{"start":{"line":37,"column":40},"end":{"line":37,"column":null}},"16":{"start":{"line":38,"column":32},"end":{"line":38,"column":null}},"17":{"start":{"line":39,"column":40},"end":{"line":39,"column":null}},"18":{"start":{"line":42,"column":2},"end":{"line":67,"column":null}},"19":{"start":{"line":43,"column":4},"end":{"line":43,"column":null}},"20":{"start":{"line":44,"column":4},"end":{"line":44,"column":null}},"21":{"start":{"line":45,"column":4},"end":{"line":45,"column":null}},"22":{"start":{"line":48,"column":30},"end":{"line":53,"column":null}},"23":{"start":{"line":51,"column":8},"end":{"line":51,"column":null}},"24":{"start":{"line":55,"column":35},"end":{"line":60,"column":null}},"25":{"start":{"line":58,"column":8},"end":{"line":58,"column":null}},"26":{"start":{"line":62,"column":4},"end":{"line":66,"column":null}},"27":{"start":{"line":63,"column":6},"end":{"line":63,"column":null}},"28":{"start":{"line":64,"column":6},"end":{"line":64,"column":null}},"29":{"start":{"line":65,"column":6},"end":{"line":65,"column":null}},"30":{"start":{"line":69,"column":25},"end":{"line":105,"column":null}},"31":{"start":{"line":70,"column":4},"end":{"line":104,"column":null}},"32":{"start":{"line":71,"column":6},"end":{"line":71,"column":null}},"33":{"start":{"line":72,"column":6},"end":{"line":72,"column":null}},"34":{"start":{"line":73,"column":6},"end":{"line":73,"column":null}},"35":{"start":{"line":76,"column":6},"end":{"line":79,"column":null}},"36":{"start":{"line":77,"column":8},"end":{"line":77,"column":null}},"37":{"start":{"line":82,"column":6},"end":{"line":90,"column":null}},"38":{"start":{"line":83,"column":8},"end":{"line":83,"column":null}},"39":{"start":{"line":84,"column":8},"end":{"line":84,"column":null}},"40":{"start":{"line":87,"column":8},"end":{"line":89,"column":null}},"41":{"start":{"line":88,"column":10},"end":{"line":88,"column":null}},"42":{"start":{"line":93,"column":6},"end":{"line":99,"column":null}},"43":{"start":{"line":94,"column":8},"end":{"line":94,"column":null}},"44":{"start":{"line":95,"column":8},"end":{"line":95,"column":null}},"45":{"start":{"line":96,"column":8},"end":{"line":98,"column":null}},"46":{"start":{"line":97,"column":10},"end":{"line":97,"column":null}},"47":{"start":{"line":102,"column":6},"end":{"line":102,"column":null}},"48":{"start":{"line":103,"column":6},"end":{"line":103,"column":null}},"49":{"start":{"line":107,"column":25},"end":{"line":122,"column":null}},"50":{"start":{"line":109,"column":25},"end":{"line":109,"column":86}},"51":{"start":{"line":110,"column":23},"end":{"line":110,"column":null}},"52":{"start":{"line":111,"column":21},"end":{"line":111,"column":null}},"53":{"start":{"line":113,"column":4},"end":{"line":113,"column":null}},"54":{"start":{"line":114,"column":4},"end":{"line":114,"column":null}},"55":{"start":{"line":116,"column":4},"end":{"line":116,"column":null}},"56":{"start":{"line":117,"column":4},"end":{"line":117,"column":null}},"57":{"start":{"line":118,"column":4},"end":{"line":118,"column":null}},"58":{"start":{"line":120,"column":4},"end":{"line":120,"column":null}},"59":{"start":{"line":121,"column":4},"end":{"line":121,"column":null}},"60":{"start":{"line":124,"column":20},"end":{"line":138,"column":null}},"61":{"start":{"line":125,"column":4},"end":{"line":137,"column":null}},"62":{"start":{"line":126,"column":30},"end":{"line":129,"column":null}},"63":{"start":{"line":131,"column":6},"end":{"line":131,"column":null}},"64":{"start":{"line":131,"column":17},"end":{"line":131,"column":null}},"65":{"start":{"line":132,"column":6},"end":{"line":132,"column":null}},"66":{"start":{"line":134,"column":6},"end":{"line":134,"column":null}},"67":{"start":{"line":136,"column":6},"end":{"line":136,"column":null}},"68":{"start":{"line":140,"column":25},"end":{"line":153,"column":null}},"69":{"start":{"line":141,"column":4},"end":{"line":152,"column":null}},"70":{"start":{"line":142,"column":30},"end":{"line":146,"column":null}},"71":{"start":{"line":148,"column":6},"end":{"line":148,"column":null}},"72":{"start":{"line":148,"column":17},"end":{"line":148,"column":null}},"73":{"start":{"line":149,"column":6},"end":{"line":149,"column":null}},"74":{"start":{"line":151,"column":6},"end":{"line":151,"column":null}},"75":{"start":{"line":155,"column":26},"end":{"line":168,"column":null}},"76":{"start":{"line":156,"column":4},"end":{"line":167,"column":null}},"77":{"start":{"line":170,"column":25},"end":{"line":181,"column":null}},"78":{"start":{"line":171,"column":4},"end":{"line":180,"column":null}},"79":{"start":{"line":173,"column":8},"end":{"line":173,"column":null}},"80":{"start":{"line":175,"column":8},"end":{"line":175,"column":null}},"81":{"start":{"line":177,"column":8},"end":{"line":177,"column":null}},"82":{"start":{"line":179,"column":8},"end":{"line":179,"column":null}},"83":{"start":{"line":183,"column":27},"end":{"line":196,"column":null}},"84":{"start":{"line":184,"column":4},"end":{"line":195,"column":null}},"85":{"start":{"line":186,"column":8},"end":{"line":186,"column":null}},"86":{"start":{"line":188,"column":8},"end":{"line":188,"column":null}},"87":{"start":{"line":190,"column":8},"end":{"line":190,"column":null}},"88":{"start":{"line":192,"column":8},"end":{"line":192,"column":null}},"89":{"start":{"line":194,"column":8},"end":{"line":194,"column":null}},"90":{"start":{"line":198,"column":31},"end":{"line":210,"column":null}},"91":{"start":{"line":199,"column":4},"end":{"line":209,"column":null}},"92":{"start":{"line":200,"column":24},"end":{"line":203,"column":null}},"93":{"start":{"line":205,"column":6},"end":{"line":205,"column":null}},"94":{"start":{"line":205,"column":17},"end":{"line":205,"column":null}},"95":{"start":{"line":208,"column":6},"end":{"line":208,"column":null}},"96":{"start":{"line":212,"column":22},"end":{"line":250,"column":null}},"97":{"start":{"line":213,"column":4},"end":{"line":213,"column":null}},"98":{"start":{"line":213,"column":25},"end":{"line":213,"column":null}},"99":{"start":{"line":215,"column":4},"end":{"line":249,"column":null}},"100":{"start":{"line":216,"column":26},"end":{"line":216,"column":null}},"101":{"start":{"line":216,"column":90},"end":{"line":216,"column":94}},"102":{"start":{"line":219,"column":6},"end":{"line":227,"column":null}},"103":{"start":{"line":220,"column":8},"end":{"line":226,"column":null}},"104":{"start":{"line":221,"column":10},"end":{"line":225,"column":null}},"105":{"start":{"line":230,"column":6},"end":{"line":242,"column":null}},"106":{"start":{"line":231,"column":8},"end":{"line":241,"column":null}},"107":{"start":{"line":244,"column":6},"end":{"line":244,"column":null}},"108":{"start":{"line":245,"column":6},"end":{"line":245,"column":null}},"109":{"start":{"line":247,"column":6},"end":{"line":247,"column":null}},"110":{"start":{"line":248,"column":6},"end":{"line":248,"column":null}},"111":{"start":{"line":252,"column":2},"end":{"line":261,"column":null}},"112":{"start":{"line":281,"column":45},"end":{"line":281,"column":68}},"113":{"start":{"line":287,"column":44},"end":{"line":287,"column":90}},"114":{"start":{"line":330,"column":20},"end":{"line":331,"column":null}},"115":{"start":{"line":362,"column":22},"end":{"line":363,"column":null}},"116":{"start":{"line":368,"column":26},"end":{"line":371,"column":null}},"117":{"start":{"line":369,"column":28},"end":{"line":371,"column":null}},"118":{"start":{"line":370,"column":50},"end":{"line":370,"column":64}},"119":{"start":{"line":432,"column":22},"end":{"line":433,"column":null}},"120":{"start":{"line":478,"column":45},"end":{"line":478,"column":null}},"121":{"start":{"line":533,"column":33},"end":{"line":533,"column":null}},"122":{"start":{"line":534,"column":34},"end":{"line":534,"column":null}}},"fnMap":{"0":{"name":"ControlCenter","decl":{"start":{"line":32,"column":24},"end":{"line":32,"column":null}},"loc":{"start":{"line":32,"column":24},"end":{"line":570,"column":null}}},"1":{"name":"(anonymous_3)","decl":{"start":{"line":42,"column":12},"end":{"line":42,"column":null}},"loc":{"start":{"line":42,"column":12},"end":{"line":67,"column":5}}},"2":{"name":"(anonymous_4)","decl":{"start":{"line":50,"column":80},"end":{"line":50,"column":null}},"loc":{"start":{"line":50,"column":80},"end":{"line":52,"column":null}}},"3":{"name":"(anonymous_5)","decl":{"start":{"line":57,"column":85},"end":{"line":57,"column":null}},"loc":{"start":{"line":57,"column":85},"end":{"line":59,"column":null}}},"4":{"name":"(anonymous_6)","decl":{"start":{"line":62,"column":11},"end":{"line":62,"column":null}},"loc":{"start":{"line":62,"column":11},"end":{"line":66,"column":null}}},"5":{"name":"(anonymous_7)","decl":{"start":{"line":69,"column":25},"end":{"line":69,"column":null}},"loc":{"start":{"line":69,"column":25},"end":{"line":105,"column":null}}},"6":{"name":"(anonymous_8)","decl":{"start":{"line":76,"column":56},"end":{"line":76,"column":57}},"loc":{"start":{"line":76,"column":57},"end":{"line":79,"column":null}}},"7":{"name":"(anonymous_9)","decl":{"start":{"line":82,"column":50},"end":{"line":82,"column":51}},"loc":{"start":{"line":82,"column":51},"end":{"line":90,"column":null}}},"8":{"name":"(anonymous_10)","decl":{"start":{"line":93,"column":49},"end":{"line":93,"column":50}},"loc":{"start":{"line":93,"column":50},"end":{"line":99,"column":null}}},"9":{"name":"(anonymous_11)","decl":{"start":{"line":107,"column":25},"end":{"line":107,"column":null}},"loc":{"start":{"line":107,"column":25},"end":{"line":122,"column":null}}},"10":{"name":"(anonymous_12)","decl":{"start":{"line":124,"column":20},"end":{"line":124,"column":null}},"loc":{"start":{"line":124,"column":20},"end":{"line":138,"column":null}}},"11":{"name":"(anonymous_13)","decl":{"start":{"line":140,"column":25},"end":{"line":140,"column":null}},"loc":{"start":{"line":140,"column":25},"end":{"line":153,"column":null}}},"12":{"name":"(anonymous_14)","decl":{"start":{"line":155,"column":26},"end":{"line":155,"column":27}},"loc":{"start":{"line":155,"column":27},"end":{"line":168,"column":null}}},"13":{"name":"(anonymous_15)","decl":{"start":{"line":170,"column":25},"end":{"line":170,"column":26}},"loc":{"start":{"line":170,"column":26},"end":{"line":181,"column":null}}},"14":{"name":"(anonymous_16)","decl":{"start":{"line":183,"column":27},"end":{"line":183,"column":28}},"loc":{"start":{"line":183,"column":28},"end":{"line":196,"column":null}}},"15":{"name":"(anonymous_17)","decl":{"start":{"line":198,"column":31},"end":{"line":198,"column":38}},"loc":{"start":{"line":198,"column":38},"end":{"line":210,"column":null}}},"16":{"name":"(anonymous_18)","decl":{"start":{"line":212,"column":22},"end":{"line":212,"column":null}},"loc":{"start":{"line":212,"column":22},"end":{"line":250,"column":null}}},"17":{"name":"(anonymous_19)","decl":{"start":{"line":216,"column":85},"end":{"line":216,"column":90}},"loc":{"start":{"line":216,"column":90},"end":{"line":216,"column":94}}},"18":{"name":"(anonymous_20)","decl":{"start":{"line":281,"column":38},"end":{"line":281,"column":39}},"loc":{"start":{"line":281,"column":45},"end":{"line":281,"column":68}}},"19":{"name":"(anonymous_21)","decl":{"start":{"line":287,"column":37},"end":{"line":287,"column":38}},"loc":{"start":{"line":287,"column":44},"end":{"line":287,"column":90}}},"20":{"name":"(anonymous_22)","decl":{"start":{"line":329,"column":35},"end":{"line":329,"column":36}},"loc":{"start":{"line":330,"column":20},"end":{"line":331,"column":null}}},"21":{"name":"(anonymous_23)","decl":{"start":{"line":361,"column":37},"end":{"line":361,"column":38}},"loc":{"start":{"line":362,"column":22},"end":{"line":363,"column":null}}},"22":{"name":"(anonymous_24)","decl":{"start":{"line":367,"column":33},"end":{"line":367,"column":null}},"loc":{"start":{"line":367,"column":33},"end":{"line":373,"column":null}}},"23":{"name":"(anonymous_25)","decl":{"start":{"line":368,"column":43},"end":{"line":368,"column":null}},"loc":{"start":{"line":369,"column":28},"end":{"line":371,"column":null}}},"24":{"name":"(anonymous_26)","decl":{"start":{"line":370,"column":44},"end":{"line":370,"column":50}},"loc":{"start":{"line":370,"column":50},"end":{"line":370,"column":64}}},"25":{"name":"(anonymous_27)","decl":{"start":{"line":431,"column":36},"end":{"line":431,"column":37}},"loc":{"start":{"line":432,"column":22},"end":{"line":433,"column":null}}},"26":{"name":"(anonymous_28)","decl":{"start":{"line":478,"column":39},"end":{"line":478,"column":45}},"loc":{"start":{"line":478,"column":45},"end":{"line":478,"column":null}}},"27":{"name":"(anonymous_29)","decl":{"start":{"line":533,"column":26},"end":{"line":533,"column":27}},"loc":{"start":{"line":533,"column":33},"end":{"line":533,"column":null}}},"28":{"name":"(anonymous_30)","decl":{"start":{"line":534,"column":27},"end":{"line":534,"column":28}},"loc":{"start":{"line":534,"column":34},"end":{"line":534,"column":null}}}},"branchMap":{"0":{"loc":{"start":{"line":87,"column":8},"end":{"line":89,"column":null}},"type":"if","locations":[{"start":{"line":87,"column":8},"end":{"line":89,"column":null}}]},"1":{"loc":{"start":{"line":87,"column":12},"end":{"line":87,"column":68}},"type":"binary-expr","locations":[{"start":{"line":87,"column":12},"end":{"line":87,"column":27}},{"start":{"line":87,"column":27},"end":{"line":87,"column":68}}]},"2":{"loc":{"start":{"line":96,"column":8},"end":{"line":98,"column":null}},"type":"if","locations":[{"start":{"line":96,"column":8},"end":{"line":98,"column":null}}]},"3":{"loc":{"start":{"line":109,"column":30},"end":{"line":109,"column":86}},"type":"binary-expr","locations":[{"start":{"line":109,"column":30},"end":{"line":109,"column":49}},{"start":{"line":109,"column":53},"end":{"line":109,"column":86}}]},"4":{"loc":{"start":{"line":131,"column":6},"end":{"line":131,"column":null}},"type":"if","locations":[{"start":{"line":131,"column":6},"end":{"line":131,"column":null}}]},"5":{"loc":{"start":{"line":132,"column":21},"end":{"line":132,"column":31}},"type":"binary-expr","locations":[{"start":{"line":132,"column":21},"end":{"line":132,"column":29}},{"start":{"line":132,"column":29},"end":{"line":132,"column":31}}]},"6":{"loc":{"start":{"line":148,"column":6},"end":{"line":148,"column":null}},"type":"if","locations":[{"start":{"line":148,"column":6},"end":{"line":148,"column":null}}]},"7":{"loc":{"start":{"line":149,"column":20},"end":{"line":149,"column":30}},"type":"binary-expr","locations":[{"start":{"line":149,"column":20},"end":{"line":149,"column":28}},{"start":{"line":149,"column":28},"end":{"line":149,"column":30}}]},"8":{"loc":{"start":{"line":171,"column":4},"end":{"line":180,"column":null}},"type":"switch","locations":[{"start":{"line":172,"column":6},"end":{"line":173,"column":null}},{"start":{"line":174,"column":6},"end":{"line":175,"column":null}},{"start":{"line":176,"column":6},"end":{"line":177,"column":null}},{"start":{"line":178,"column":6},"end":{"line":179,"column":null}}]},"9":{"loc":{"start":{"line":184,"column":4},"end":{"line":195,"column":null}},"type":"switch","locations":[{"start":{"line":185,"column":6},"end":{"line":186,"column":null}},{"start":{"line":187,"column":6},"end":{"line":188,"column":null}},{"start":{"line":189,"column":6},"end":{"line":190,"column":null}},{"start":{"line":191,"column":6},"end":{"line":192,"column":null}},{"start":{"line":193,"column":6},"end":{"line":194,"column":null}}]},"10":{"loc":{"start":{"line":205,"column":6},"end":{"line":205,"column":null}},"type":"if","locations":[{"start":{"line":205,"column":6},"end":{"line":205,"column":null}}]},"11":{"loc":{"start":{"line":213,"column":4},"end":{"line":213,"column":null}},"type":"if","locations":[{"start":{"line":213,"column":4},"end":{"line":213,"column":null}}]},"12":{"loc":{"start":{"line":216,"column":26},"end":{"line":216,"column":null}},"type":"cond-expr","locations":[{"start":{"line":216,"column":53},"end":{"line":216,"column":69}},{"start":{"line":216,"column":69},"end":{"line":216,"column":null}}]},"13":{"loc":{"start":{"line":219,"column":6},"end":{"line":227,"column":null}},"type":"if","locations":[{"start":{"line":219,"column":6},"end":{"line":227,"column":null}}]},"14":{"loc":{"start":{"line":245,"column":58},"end":{"line":245,"column":106}},"type":"cond-expr","locations":[{"start":{"line":245,"column":72},"end":{"line":245,"column":87}},{"start":{"line":245,"column":87},"end":{"line":245,"column":106}}]},"15":{"loc":{"start":{"line":252,"column":2},"end":{"line":261,"column":null}},"type":"if","locations":[{"start":{"line":252,"column":2},"end":{"line":261,"column":null}}]},"16":{"loc":{"start":{"line":287,"column":44},"end":{"line":287,"column":90}},"type":"binary-expr","locations":[{"start":{"line":287,"column":44},"end":{"line":287,"column":59}},{"start":{"line":287,"column":63},"end":{"line":287,"column":90}}]},"17":{"loc":{"start":{"line":297,"column":56},"end":{"line":297,"column":101}},"type":"cond-expr","locations":[{"start":{"line":297,"column":70},"end":{"line":297,"column":87}},{"start":{"line":297,"column":87},"end":{"line":297,"column":101}}]},"18":{"loc":{"start":{"line":298,"column":33},"end":{"line":298,"column":null}},"type":"cond-expr","locations":[{"start":{"line":298,"column":47},"end":{"line":298,"column":66}},{"start":{"line":298,"column":66},"end":{"line":298,"column":null}}]},"19":{"loc":{"start":{"line":299,"column":19},"end":{"line":299,"column":null}},"type":"cond-expr","locations":[{"start":{"line":299,"column":33},"end":{"line":299,"column":48}},{"start":{"line":299,"column":48},"end":{"line":299,"column":null}}]},"20":{"loc":{"start":{"line":336,"column":37},"end":{"line":336,"column":null}},"type":"cond-expr","locations":[{"start":{"line":336,"column":64},"end":{"line":336,"column":76}},{"start":{"line":336,"column":76},"end":{"line":336,"column":null}}]},"21":{"loc":{"start":{"line":365,"column":26},"end":{"line":365,"column":null}},"type":"cond-expr","locations":[{"start":{"line":365,"column":60},"end":{"line":365,"column":85}},{"start":{"line":365,"column":85},"end":{"line":365,"column":null}}]},"22":{"loc":{"start":{"line":369,"column":28},"end":{"line":371,"column":null}},"type":"cond-expr","locations":[{"start":{"line":370,"column":32},"end":{"line":370,"column":null}},{"start":{"line":371,"column":32},"end":{"line":371,"column":null}}]},"23":{"loc":{"start":{"line":382,"column":33},"end":{"line":382,"column":null}},"type":"binary-expr","locations":[{"start":{"line":382,"column":33},"end":{"line":382,"column":59}},{"start":{"line":382,"column":59},"end":{"line":382,"column":null}}]},"24":{"loc":{"start":{"line":383,"column":33},"end":{"line":383,"column":null}},"type":"binary-expr","locations":[{"start":{"line":383,"column":33},"end":{"line":383,"column":57}},{"start":{"line":383,"column":57},"end":{"line":383,"column":null}}]},"25":{"loc":{"start":{"line":384,"column":33},"end":{"line":384,"column":null}},"type":"binary-expr","locations":[{"start":{"line":384,"column":33},"end":{"line":384,"column":60}},{"start":{"line":384,"column":60},"end":{"line":384,"column":null}}]},"26":{"loc":{"start":{"line":385,"column":33},"end":{"line":385,"column":null}},"type":"binary-expr","locations":[{"start":{"line":385,"column":33},"end":{"line":385,"column":66}},{"start":{"line":385,"column":66},"end":{"line":385,"column":null}}]},"27":{"loc":{"start":{"line":391,"column":34},"end":{"line":391,"column":58}},"type":"binary-expr","locations":[{"start":{"line":391,"column":34},"end":{"line":391,"column":52}},{"start":{"line":391,"column":56},"end":{"line":391,"column":58}}]},"28":{"loc":{"start":{"line":394,"column":34},"end":{"line":394,"column":60}},"type":"binary-expr","locations":[{"start":{"line":394,"column":34},"end":{"line":394,"column":54}},{"start":{"line":394,"column":58},"end":{"line":394,"column":60}}]},"29":{"loc":{"start":{"line":398,"column":25},"end":{"line":398,"column":null}},"type":"binary-expr","locations":[{"start":{"line":398,"column":25},"end":{"line":398,"column":null}}]},"30":{"loc":{"start":{"line":407,"column":21},"end":{"line":407,"column":null}},"type":"binary-expr","locations":[{"start":{"line":407,"column":21},"end":{"line":407,"column":null}}]},"31":{"loc":{"start":{"line":435,"column":26},"end":{"line":435,"column":null}},"type":"cond-expr","locations":[{"start":{"line":435,"column":51},"end":{"line":435,"column":66}},{"start":{"line":435,"column":66},"end":{"line":435,"column":null}}]},"32":{"loc":{"start":{"line":437,"column":26},"end":{"line":440,"column":null}},"type":"cond-expr","locations":[{"start":{"line":437,"column":62},"end":{"line":437,"column":null}},{"start":{"line":438,"column":26},"end":{"line":440,"column":null}}]},"33":{"loc":{"start":{"line":438,"column":26},"end":{"line":440,"column":null}},"type":"cond-expr","locations":[{"start":{"line":438,"column":58},"end":{"line":438,"column":null}},{"start":{"line":439,"column":26},"end":{"line":440,"column":null}}]},"34":{"loc":{"start":{"line":439,"column":26},"end":{"line":440,"column":null}},"type":"cond-expr","locations":[{"start":{"line":439,"column":60},"end":{"line":439,"column":null}},{"start":{"line":440,"column":26},"end":{"line":440,"column":null}}]},"35":{"loc":{"start":{"line":448,"column":33},"end":{"line":448,"column":null}},"type":"binary-expr","locations":[{"start":{"line":448,"column":33},"end":{"line":448,"column":62}},{"start":{"line":448,"column":62},"end":{"line":448,"column":null}}]},"36":{"loc":{"start":{"line":449,"column":33},"end":{"line":449,"column":null}},"type":"binary-expr","locations":[{"start":{"line":449,"column":33},"end":{"line":449,"column":63}},{"start":{"line":449,"column":63},"end":{"line":449,"column":null}}]},"37":{"loc":{"start":{"line":450,"column":33},"end":{"line":450,"column":null}},"type":"binary-expr","locations":[{"start":{"line":450,"column":33},"end":{"line":450,"column":64}},{"start":{"line":450,"column":64},"end":{"line":450,"column":null}}]},"38":{"loc":{"start":{"line":451,"column":33},"end":{"line":451,"column":null}},"type":"binary-expr","locations":[{"start":{"line":451,"column":33},"end":{"line":451,"column":63}},{"start":{"line":451,"column":63},"end":{"line":451,"column":null}}]},"39":{"loc":{"start":{"line":452,"column":33},"end":{"line":452,"column":null}},"type":"binary-expr","locations":[{"start":{"line":452,"column":33},"end":{"line":452,"column":66}},{"start":{"line":452,"column":66},"end":{"line":452,"column":null}}]},"40":{"loc":{"start":{"line":453,"column":33},"end":{"line":453,"column":null}},"type":"binary-expr","locations":[{"start":{"line":453,"column":33},"end":{"line":453,"column":62}},{"start":{"line":453,"column":62},"end":{"line":453,"column":null}}]},"41":{"loc":{"start":{"line":454,"column":33},"end":{"line":454,"column":null}},"type":"binary-expr","locations":[{"start":{"line":454,"column":33},"end":{"line":454,"column":75}},{"start":{"line":454,"column":75},"end":{"line":454,"column":null}}]},"42":{"loc":{"start":{"line":461,"column":36},"end":{"line":461,"column":null}},"type":"binary-expr","locations":[{"start":{"line":461,"column":36},"end":{"line":461,"column":65}},{"start":{"line":461,"column":65},"end":{"line":461,"column":null}}]},"43":{"loc":{"start":{"line":462,"column":31},"end":{"line":462,"column":null}},"type":"binary-expr","locations":[{"start":{"line":462,"column":31},"end":{"line":462,"column":61}},{"start":{"line":462,"column":61},"end":{"line":462,"column":null}}]},"44":{"loc":{"start":{"line":463,"column":31},"end":{"line":463,"column":null}},"type":"binary-expr","locations":[{"start":{"line":463,"column":31},"end":{"line":463,"column":62}},{"start":{"line":463,"column":62},"end":{"line":463,"column":null}}]},"45":{"loc":{"start":{"line":464,"column":31},"end":{"line":464,"column":null}},"type":"binary-expr","locations":[{"start":{"line":464,"column":31},"end":{"line":464,"column":61}},{"start":{"line":464,"column":61},"end":{"line":464,"column":null}}]},"46":{"loc":{"start":{"line":465,"column":31},"end":{"line":465,"column":null}},"type":"binary-expr","locations":[{"start":{"line":465,"column":31},"end":{"line":465,"column":64}},{"start":{"line":465,"column":64},"end":{"line":465,"column":null}}]},"47":{"loc":{"start":{"line":466,"column":31},"end":{"line":466,"column":null}},"type":"binary-expr","locations":[{"start":{"line":466,"column":31},"end":{"line":466,"column":60}},{"start":{"line":466,"column":60},"end":{"line":466,"column":null}}]},"48":{"loc":{"start":{"line":467,"column":31},"end":{"line":467,"column":null}},"type":"binary-expr","locations":[{"start":{"line":467,"column":31},"end":{"line":467,"column":73}},{"start":{"line":467,"column":73},"end":{"line":467,"column":null}}]},"49":{"loc":{"start":{"line":470,"column":40},"end":{"line":470,"column":68}},"type":"binary-expr","locations":[{"start":{"line":470,"column":40},"end":{"line":470,"column":60}},{"start":{"line":470,"column":64},"end":{"line":470,"column":68}}]},"50":{"loc":{"start":{"line":473,"column":27},"end":{"line":473,"column":50}},"type":"binary-expr","locations":[{"start":{"line":473,"column":27},"end":{"line":473,"column":50}}]},"51":{"loc":{"start":{"line":487,"column":21},"end":{"line":487,"column":null}},"type":"binary-expr","locations":[{"start":{"line":487,"column":21},"end":{"line":487,"column":null}}]},"52":{"loc":{"start":{"line":534,"column":34},"end":{"line":534,"column":null}},"type":"binary-expr","locations":[{"start":{"line":534,"column":34},"end":{"line":534,"column":55}},{"start":{"line":534,"column":55},"end":{"line":534,"column":null}}]},"53":{"loc":{"start":{"line":537,"column":28},"end":{"line":537,"column":96}},"type":"cond-expr","locations":[{"start":{"line":537,"column":55},"end":{"line":537,"column":75}},{"start":{"line":537,"column":78},"end":{"line":537,"column":96}}]},"54":{"loc":{"start":{"line":540,"column":17},"end":{"line":540,"column":null}},"type":"cond-expr","locations":[{"start":{"line":540,"column":44},"end":{"line":540,"column":69}},{"start":{"line":540,"column":69},"end":{"line":540,"column":null}}]}},"s":{"0":0,"1":0,"2":0,"3":0,"4":0,"5":0,"6":0,"7":0,"8":0,"9":0,"10":0,"11":0,"12":0,"13":0,"14":0,"15":0,"16":0,"17":0,"18":0,"19":0,"20":0,"21":0,"22":0,"23":0,"24":0,"25":0,"26":0,"27":0,"28":0,"29":0,"30":0,"31":0,"32":0,"33":0,"34":0,"35":0,"36":0,"37":0,"38":0,"39":0,"40":0,"41":0,"42":0,"43":0,"44":0,"45":0,"46":0,"47":0,"48":0,"49":0,"50":0,"51":0,"52":0,"53":0,"54":0,"55":0,"56":0,"57":0,"58":0,"59":0,"60":0,"61":0,"62":0,"63":0,"64":0,"65":0,"66":0,"67":0,"68":0,"69":0,"70":0,"71":0,"72":0,"73":0,"74":0,"75":0,"76":0,"77":0,"78":0,"79":0,"80":0,"81":0,"82":0,"83":0,"84":0,"85":0,"86":0,"87":0,"88":0,"89":0,"90":0,"91":0,"92":0,"93":0,"94":0,"95":0,"96":0,"97":0,"98":0,"99":0,"100":0,"101":0,"102":0,"103":0,"104":0,"105":0,"106":0,"107":0,"108":0,"109":0,"110":0,"111":0,"112":0,"113":0,"114":0,"115":0,"116":0,"117":0,"118":0,"119":0,"120":0,"121":0,"122":0},"f":{"0":0,"1":0,"2":0,"3":0,"4":0,"5":0,"6":0,"7":0,"8":0,"9":0,"10":0,"11":0,"12":0,"13":0,"14":0,"15":0,"16":0,"17":0,"18":0,"19":0,"20":0,"21":0,"22":0,"23":0,"24":0,"25":0,"26":0,"27":0,"28":0},"b":{"0":[0],"1":[0,0],"2":[0],"3":[0,0],"4":[0],"5":[0,0],"6":[0],"7":[0,0],"8":[0,0,0,0],"9":[0,0,0,0,0],"10":[0],"11":[0],"12":[0,0],"13":[0],"14":[0,0],"15":[0],"16":[0,0],"17":[0,0],"18":[0,0],"19":[0,0],"20":[0,0],"21":[0,0],"22":[0,0],"23":[0,0],"24":[0,0],"25":[0,0],"26":[0,0],"27":[0,0],"28":[0,0],"29":[0],"30":[0],"31":[0,0],"32":[0,0],"33":[0,0],"34":[0,0],"35":[0,0],"36":[0,0],"37":[0,0],"38":[0,0],"39":[0,0],"40":[0,0],"41":[0,0],"42":[0,0],"43":[0,0],"44":[0,0],"45":[0,0],"46":[0,0],"47":[0,0],"48":[0,0],"49":[0,0],"50":[0],"51":[0],"52":[0,0],"53":[0,0],"54":[0,0]}}
,"C:\\Users\\מאיר\\Desktop\\‏‏תיקיה חדשה (5)\\app\\field-unit\\page.tsx": {"path":"C:\\Users\\מאיר\\Desktop\\‏‏תיקיה חדשה (5)\\app\\field-unit\\page.tsx","statementMap":{"0":{"start":{"line":37,"column":24},"end":{"line":37,"column":null}},"1":{"start":{"line":3,"column":36},"end":{"line":3,"column":null}},"2":{"start":{"line":26,"column":7},"end":{"line":26,"column":null}},"3":{"start":{"line":27,"column":57},"end":{"line":27,"column":null}},"4":{"start":{"line":28,"column":23},"end":{"line":28,"column":null}},"5":{"start":{"line":29,"column":22},"end":{"line":29,"column":null}},"6":{"start":{"line":30,"column":40},"end":{"line":30,"column":null}},"7":{"start":{"line":31,"column":27},"end":{"line":31,"column":null}},"8":{"start":{"line":32,"column":43},"end":{"line":32,"column":null}},"9":{"start":{"line":33,"column":29},"end":{"line":33,"column":null}},"10":{"start":{"line":34,"column":26},"end":{"line":34,"column":null}},"11":{"start":{"line":35,"column":32},"end":{"line":35,"column":null}},"12":{"start":{"line":52,"column":6},"end":{"line":52,"column":null}},"13":{"start":{"line":55,"column":32},"end":{"line":55,"column":null}},"14":{"start":{"line":56,"column":36},"end":{"line":56,"column":null}},"15":{"start":{"line":57,"column":42},"end":{"line":57,"column":null}},"16":{"start":{"line":58,"column":46},"end":{"line":58,"column":null}},"17":{"start":{"line":59,"column":48},"end":{"line":59,"column":null}},"18":{"start":{"line":60,"column":30},"end":{"line":60,"column":79}},"19":{"start":{"line":61,"column":42},"end":{"line":61,"column":null}},"20":{"start":{"line":62,"column":32},"end":{"line":62,"column":null}},"21":{"start":{"line":71,"column":6},"end":{"line":90,"column":null}},"22":{"start":{"line":74,"column":6},"end":{"line":74,"column":null}},"23":{"start":{"line":75,"column":6},"end":{"line":75,"column":null}},"24":{"start":{"line":78,"column":6},"end":{"line":85,"column":null}},"25":{"start":{"line":79,"column":26},"end":{"line":79,"column":46}},"26":{"start":{"line":80,"column":8},"end":{"line":83,"column":null}},"27":{"start":{"line":88,"column":6},"end":{"line":88,"column":null}},"28":{"start":{"line":92,"column":38},"end":{"line":92,"column":null}},"29":{"start":{"line":93,"column":42},"end":{"line":93,"column":null}},"30":{"start":{"line":94,"column":32},"end":{"line":94,"column":null}},"31":{"start":{"line":95,"column":40},"end":{"line":95,"column":null}},"32":{"start":{"line":97,"column":2},"end":{"line":132,"column":null}},"33":{"start":{"line":98,"column":4},"end":{"line":98,"column":null}},"34":{"start":{"line":99,"column":4},"end":{"line":99,"column":null}},"35":{"start":{"line":100,"column":4},"end":{"line":100,"column":null}},"36":{"start":{"line":103,"column":35},"end":{"line":113,"column":null}},"37":{"start":{"line":111,"column":8},"end":{"line":111,"column":null}},"38":{"start":{"line":115,"column":37},"end":{"line":125,"column":null}},"39":{"start":{"line":123,"column":8},"end":{"line":123,"column":null}},"40":{"start":{"line":127,"column":4},"end":{"line":131,"column":null}},"41":{"start":{"line":128,"column":6},"end":{"line":128,"column":null}},"42":{"start":{"line":129,"column":6},"end":{"line":129,"column":null}},"43":{"start":{"line":130,"column":6},"end":{"line":130,"column":null}},"44":{"start":{"line":134,"column":25},"end":{"line":168,"column":null}},"45":{"start":{"line":135,"column":4},"end":{"line":167,"column":null}},"46":{"start":{"line":136,"column":6},"end":{"line":136,"column":null}},"47":{"start":{"line":139,"column":6},"end":{"line":139,"column":null}},"48":{"start":{"line":139,"column":35},"end":{"line":139,"column":null}},"49":{"start":{"line":141,"column":6},"end":{"line":149,"column":null}},"50":{"start":{"line":142,"column":8},"end":{"line":142,"column":null}},"51":{"start":{"line":143,"column":8},"end":{"line":143,"column":null}},"52":{"start":{"line":144,"column":8},"end":{"line":144,"column":null}},"53":{"start":{"line":146,"column":8},"end":{"line":146,"column":null}},"54":{"start":{"line":148,"column":8},"end":{"line":148,"column":null}},"55":{"start":{"line":152,"column":6},"end":{"line":156,"column":null}},"56":{"start":{"line":153,"column":8},"end":{"line":153,"column":null}},"57":{"start":{"line":154,"column":8},"end":{"line":154,"column":null}},"58":{"start":{"line":155,"column":8},"end":{"line":155,"column":null}},"59":{"start":{"line":159,"column":6},"end":{"line":162,"column":null}},"60":{"start":{"line":160,"column":8},"end":{"line":160,"column":null}},"61":{"start":{"line":161,"column":8},"end":{"line":161,"column":null}},"62":{"start":{"line":165,"column":6},"end":{"line":165,"column":null}},"63":{"start":{"line":166,"column":6},"end":{"line":166,"column":null}},"64":{"start":{"line":170,"column":25},"end":{"line":184,"column":null}},"65":{"start":{"line":171,"column":4},"end":{"line":183,"column":null}},"66":{"start":{"line":172,"column":30},"end":{"line":177,"column":null}},"67":{"start":{"line":179,"column":6},"end":{"line":179,"column":null}},"68":{"start":{"line":179,"column":17},"end":{"line":179,"column":null}},"69":{"start":{"line":180,"column":6},"end":{"line":180,"column":null}},"70":{"start":{"line":182,"column":6},"end":{"line":182,"column":null}},"71":{"start":{"line":186,"column":27},"end":{"line":203,"column":null}},"72":{"start":{"line":187,"column":4},"end":{"line":202,"column":null}},"73":{"start":{"line":188,"column":30},"end":{"line":194,"column":null}},"74":{"start":{"line":196,"column":6},"end":{"line":196,"column":null}},"75":{"start":{"line":196,"column":17},"end":{"line":196,"column":null}},"76":{"start":{"line":197,"column":6},"end":{"line":197,"column":null}},"77":{"start":{"line":199,"column":6},"end":{"line":199,"column":null}},"78":{"start":{"line":201,"column":6},"end":{"line":201,"column":null}},"79":{"start":{"line":205,"column":24},"end":{"line":238,"column":null}},"80":{"start":{"line":206,"column":4},"end":{"line":237,"column":null}},"81":{"start":{"line":207,"column":24},"end":{"line":215,"column":null}},"82":{"start":{"line":217,"column":6},"end":{"line":217,"column":null}},"83":{"start":{"line":217,"column":17},"end":{"line":217,"column":null}},"84":{"start":{"line":220,"column":6},"end":{"line":231,"column":null}},"85":{"start":{"line":233,"column":6},"end":{"line":233,"column":null}},"86":{"start":{"line":235,"column":6},"end":{"line":235,"column":null}},"87":{"start":{"line":236,"column":6},"end":{"line":236,"column":null}},"88":{"start":{"line":240,"column":27},"end":{"line":255,"column":null}},"89":{"start":{"line":241,"column":4},"end":{"line":254,"column":null}},"90":{"start":{"line":242,"column":24},"end":{"line":249,"column":null}},"91":{"start":{"line":251,"column":6},"end":{"line":251,"column":null}},"92":{"start":{"line":251,"column":17},"end":{"line":251,"column":null}},"93":{"start":{"line":253,"column":6},"end":{"line":253,"column":null}},"94":{"start":{"line":257,"column":27},"end":{"line":270,"column":null}},"95":{"start":{"line":258,"column":4},"end":{"line":269,"column":null}},"96":{"start":{"line":260,"column":8},"end":{"line":260,"column":null}},"97":{"start":{"line":262,"column":8},"end":{"line":262,"column":null}},"98":{"start":{"line":264,"column":8},"end":{"line":264,"column":null}},"99":{"start":{"line":266,"column":8},"end":{"line":266,"column":null}},"100":{"start":{"line":268,"column":8},"end":{"line":268,"column":null}},"101":{"start":{"line":272,"column":27},"end":{"line":287,"column":null}},"102":{"start":{"line":273,"column":4},"end":{"line":286,"column":null}},"103":{"start":{"line":289,"column":23},"end":{"line":348,"column":null}},"104":{"start":{"line":290,"column":4},"end":{"line":290,"column":null}},"105":{"start":{"line":292,"column":4},"end":{"line":296,"column":null}},"106":{"start":{"line":293,"column":6},"end":{"line":293,"column":null}},"107":{"start":{"line":294,"column":6},"end":{"line":294,"column":null}},"108":{"start":{"line":295,"column":6},"end":{"line":295,"column":null}},"109":{"start":{"line":298,"column":4},"end":{"line":302,"column":null}},"110":{"start":{"line":299,"column":6},"end":{"line":299,"column":null}},"111":{"start":{"line":300,"column":6},"end":{"line":300,"column":null}},"112":{"start":{"line":301,"column":6},"end":{"line":301,"column":null}},"113":{"start":{"line":304,"column":4},"end":{"line":347,"column":null}},"114":{"start":{"line":305,"column":6},"end":{"line":305,"column":null}},"115":{"start":{"line":308,"column":24},"end":{"line":308,"column":null}},"116":{"start":{"line":309,"column":6},"end":{"line":313,"column":null}},"117":{"start":{"line":310,"column":8},"end":{"line":310,"column":null}},"118":{"start":{"line":311,"column":8},"end":{"line":311,"column":null}},"119":{"start":{"line":312,"column":8},"end":{"line":312,"column":null}},"120":{"start":{"line":315,"column":6},"end":{"line":315,"column":null}},"121":{"start":{"line":317,"column":23},"end":{"line":326,"column":null}},"122":{"start":{"line":328,"column":6},"end":{"line":328,"column":null}},"123":{"start":{"line":329,"column":21},"end":{"line":329,"column":null}},"124":{"start":{"line":330,"column":6},"end":{"line":330,"column":null}},"125":{"start":{"line":332,"column":6},"end":{"line":343,"column":null}},"126":{"start":{"line":333,"column":26},"end":{"line":333,"column":55}},"127":{"start":{"line":334,"column":8},"end":{"line":334,"column":null}},"128":{"start":{"line":337,"column":8},"end":{"line":337,"column":null}},"129":{"start":{"line":339,"column":8},"end":{"line":339,"column":null}},"130":{"start":{"line":341,"column":8},"end":{"line":341,"column":null}},"131":{"start":{"line":342,"column":8},"end":{"line":342,"column":null}},"132":{"start":{"line":345,"column":6},"end":{"line":345,"column":null}},"133":{"start":{"line":346,"column":6},"end":{"line":346,"column":null}},"134":{"start":{"line":350,"column":24},"end":{"line":353,"column":null}},"135":{"start":{"line":351,"column":4},"end":{"line":351,"column":null}},"136":{"start":{"line":352,"column":4},"end":{"line":352,"column":null}},"137":{"start":{"line":355,"column":26},"end":{"line":361,"column":null}},"138":{"start":{"line":356,"column":4},"end":{"line":360,"column":null}},"139":{"start":{"line":357,"column":6},"end":{"line":357,"column":null}},"140":{"start":{"line":359,"column":6},"end":{"line":359,"column":null}},"141":{"start":{"line":363,"column":29},"end":{"line":382,"column":null}},"142":{"start":{"line":364,"column":4},"end":{"line":381,"column":null}},"143":{"start":{"line":365,"column":6},"end":{"line":365,"column":null}},"144":{"start":{"line":366,"column":6},"end":{"line":366,"column":null}},"145":{"start":{"line":367,"column":6},"end":{"line":367,"column":null}},"146":{"start":{"line":369,"column":6},"end":{"line":372,"column":null}},"147":{"start":{"line":370,"column":8},"end":{"line":370,"column":null}},"148":{"start":{"line":371,"column":8},"end":{"line":371,"column":null}},"149":{"start":{"line":374,"column":6},"end":{"line":374,"column":null}},"150":{"start":{"line":375,"column":6},"end":{"line":375,"column":null}},"151":{"start":{"line":379,"column":8},"end":{"line":379,"column":null}},"152":{"start":{"line":385,"column":2},"end":{"line":402,"column":null}},"153":{"start":{"line":386,"column":4},"end":{"line":401,"column":null}},"154":{"start":{"line":387,"column":24},"end":{"line":387,"column":50}},"155":{"start":{"line":388,"column":6},"end":{"line":388,"column":null}},"156":{"start":{"line":391,"column":6},"end":{"line":391,"column":null}},"157":{"start":{"line":394,"column":27},"end":{"line":394,"column":148}},"158":{"start":{"line":396,"column":6},"end":{"line":400,"column":null}},"159":{"start":{"line":397,"column":8},"end":{"line":397,"column":null}},"160":{"start":{"line":399,"column":8},"end":{"line":399,"column":null}},"161":{"start":{"line":519,"column":27},"end":{"line":519,"column":null}},"162":{"start":{"line":540,"column":27},"end":{"line":540,"column":null}},"163":{"start":{"line":609,"column":22},"end":{"line":609,"column":39}},"164":{"start":{"line":632,"column":22},"end":{"line":632,"column":37}},"165":{"start":{"line":653,"column":31},"end":{"line":653,"column":null}},"166":{"start":{"line":662,"column":31},"end":{"line":662,"column":null}},"167":{"start":{"line":671,"column":31},"end":{"line":671,"column":null}},"168":{"start":{"line":680,"column":31},"end":{"line":680,"column":null}},"169":{"start":{"line":702,"column":18},"end":{"line":703,"column":null}},"170":{"start":{"line":749,"column":18},"end":{"line":749,"column":46}},"171":{"start":{"line":784,"column":31},"end":{"line":784,"column":null}}},"fnMap":{"0":{"name":"FieldUnit","decl":{"start":{"line":37,"column":24},"end":{"line":37,"column":null}},"loc":{"start":{"line":37,"column":24},"end":{"line":804,"column":null}}},"1":{"name":"(anonymous_3)","decl":{"start":{"line":73,"column":22},"end":{"line":73,"column":23}},"loc":{"start":{"line":73,"column":23},"end":{"line":86,"column":null}}},"2":{"name":"(anonymous_4)","decl":{"start":{"line":87,"column":20},"end":{"line":87,"column":21}},"loc":{"start":{"line":87,"column":21},"end":{"line":89,"column":null}}},"3":{"name":"(anonymous_5)","decl":{"start":{"line":97,"column":12},"end":{"line":97,"column":null}},"loc":{"start":{"line":97,"column":12},"end":{"line":132,"column":5}}},"4":{"name":"(anonymous_6)","decl":{"start":{"line":110,"column":9},"end":{"line":110,"column":null}},"loc":{"start":{"line":110,"column":9},"end":{"line":112,"column":null}}},"5":{"name":"(anonymous_7)","decl":{"start":{"line":122,"column":9},"end":{"line":122,"column":null}},"loc":{"start":{"line":122,"column":9},"end":{"line":124,"column":null}}},"6":{"name":"(anonymous_8)","decl":{"start":{"line":127,"column":11},"end":{"line":127,"column":null}},"loc":{"start":{"line":127,"column":11},"end":{"line":131,"column":null}}},"7":{"name":"(anonymous_9)","decl":{"start":{"line":134,"column":25},"end":{"line":134,"column":null}},"loc":{"start":{"line":134,"column":25},"end":{"line":168,"column":null}}},"8":{"name":"(anonymous_10)","decl":{"start":{"line":139,"column":24},"end":{"line":139,"column":35}},"loc":{"start":{"line":139,"column":35},"end":{"line":139,"column":null}}},"9":{"name":"(anonymous_11)","decl":{"start":{"line":152,"column":53},"end":{"line":152,"column":54}},"loc":{"start":{"line":152,"column":54},"end":{"line":156,"column":null}}},"10":{"name":"(anonymous_12)","decl":{"start":{"line":159,"column":52},"end":{"line":159,"column":53}},"loc":{"start":{"line":159,"column":53},"end":{"line":162,"column":null}}},"11":{"name":"(anonymous_13)","decl":{"start":{"line":170,"column":25},"end":{"line":170,"column":null}},"loc":{"start":{"line":170,"column":25},"end":{"line":184,"column":null}}},"12":{"name":"(anonymous_14)","decl":{"start":{"line":186,"column":27},"end":{"line":186,"column":null}},"loc":{"start":{"line":186,"column":27},"end":{"line":203,"column":null}}},"13":{"name":"(anonymous_15)","decl":{"start":{"line":205,"column":24},"end":{"line":205,"column":31}},"loc":{"start":{"line":205,"column":89},"end":{"line":238,"column":null}}},"14":{"name":"(anonymous_16)","decl":{"start":{"line":240,"column":27},"end":{"line":240,"column":34}},"loc":{"start":{"line":240,"column":34},"end":{"line":255,"column":null}}},"15":{"name":"(anonymous_17)","decl":{"start":{"line":257,"column":27},"end":{"line":257,"column":28}},"loc":{"start":{"line":257,"column":28},"end":{"line":270,"column":null}}},"16":{"name":"(anonymous_18)","decl":{"start":{"line":272,"column":27},"end":{"line":272,"column":28}},"loc":{"start":{"line":272,"column":28},"end":{"line":287,"column":null}}},"17":{"name":"(anonymous_19)","decl":{"start":{"line":289,"column":23},"end":{"line":289,"column":null}},"loc":{"start":{"line":289,"column":23},"end":{"line":348,"column":null}}},"18":{"name":"(anonymous_20)","decl":{"start":{"line":350,"column":24},"end":{"line":350,"column":null}},"loc":{"start":{"line":350,"column":24},"end":{"line":353,"column":null}}},"19":{"name":"(anonymous_21)","decl":{"start":{"line":355,"column":26},"end":{"line":355,"column":null}},"loc":{"start":{"line":355,"column":26},"end":{"line":361,"column":null}}},"20":{"name":"(anonymous_22)","decl":{"start":{"line":363,"column":29},"end":{"line":363,"column":null}},"loc":{"start":{"line":363,"column":29},"end":{"line":382,"column":null}}},"21":{"name":"(anonymous_23)","decl":{"start":{"line":378,"column":23},"end":{"line":378,"column":24}},"loc":{"start":{"line":378,"column":24},"end":{"line":380,"column":9}}},"22":{"name":"(anonymous_24)","decl":{"start":{"line":385,"column":12},"end":{"line":385,"column":null}},"loc":{"start":{"line":385,"column":12},"end":{"line":402,"column":5}}},"23":{"name":"(anonymous_25)","decl":{"start":{"line":519,"column":21},"end":{"line":519,"column":27}},"loc":{"start":{"line":519,"column":27},"end":{"line":519,"column":null}}},"24":{"name":"(anonymous_26)","decl":{"start":{"line":540,"column":21},"end":{"line":540,"column":27}},"loc":{"start":{"line":540,"column":27},"end":{"line":540,"column":null}}},"25":{"name":"(anonymous_27)","decl":{"start":{"line":608,"column":49},"end":{"line":608,"column":50}},"loc":{"start":{"line":609,"column":22},"end":{"line":609,"column":39}}},"26":{"name":"(anonymous_28)","decl":{"start":{"line":631,"column":51},"end":{"line":631,"column":52}},"loc":{"start":{"line":632,"column":22},"end":{"line":632,"column":37}}},"27":{"name":"(anonymous_29)","decl":{"start":{"line":653,"column":25},"end":{"line":653,"column":31}},"loc":{"start":{"line":653,"column":31},"end":{"line":653,"column":null}}},"28":{"name":"(anonymous_30)","decl":{"start":{"line":662,"column":25},"end":{"line":662,"column":31}},"loc":{"start":{"line":662,"column":31},"end":{"line":662,"column":null}}},"29":{"name":"(anonymous_31)","decl":{"start":{"line":671,"column":25},"end":{"line":671,"column":31}},"loc":{"start":{"line":671,"column":31},"end":{"line":671,"column":null}}},"30":{"name":"(anonymous_32)","decl":{"start":{"line":680,"column":25},"end":{"line":680,"column":31}},"loc":{"start":{"line":680,"column":31},"end":{"line":680,"column":null}}},"31":{"name":"(anonymous_33)","decl":{"start":{"line":701,"column":32},"end":{"line":701,"column":33}},"loc":{"start":{"line":702,"column":18},"end":{"line":703,"column":null}}},"32":{"name":"(anonymous_34)","decl":{"start":{"line":748,"column":34},"end":{"line":748,"column":35}},"loc":{"start":{"line":749,"column":18},"end":{"line":749,"column":46}}},"33":{"name":"(anonymous_35)","decl":{"start":{"line":784,"column":25},"end":{"line":784,"column":31}},"loc":{"start":{"line":784,"column":31},"end":{"line":784,"column":null}}}},"branchMap":{"0":{"loc":{"start":{"line":78,"column":6},"end":{"line":85,"column":null}},"type":"if","locations":[{"start":{"line":78,"column":6},"end":{"line":85,"column":null}}]},"1":{"loc":{"start":{"line":78,"column":10},"end":{"line":78,"column":57}},"type":"binary-expr","locations":[{"start":{"line":78,"column":10},"end":{"line":78,"column":23}},{"start":{"line":78,"column":27},"end":{"line":78,"column":57}}]},"2":{"loc":{"start":{"line":148,"column":23},"end":{"line":148,"column":null}},"type":"binary-expr","locations":[{"start":{"line":148,"column":23},"end":{"line":148,"column":49}},{"start":{"line":148,"column":53},"end":{"line":148,"column":null}}]},"3":{"loc":{"start":{"line":179,"column":6},"end":{"line":179,"column":null}},"type":"if","locations":[{"start":{"line":179,"column":6},"end":{"line":179,"column":null}}]},"4":{"loc":{"start":{"line":180,"column":20},"end":{"line":180,"column":30}},"type":"binary-expr","locations":[{"start":{"line":180,"column":20},"end":{"line":180,"column":28}},{"start":{"line":180,"column":28},"end":{"line":180,"column":30}}]},"5":{"loc":{"start":{"line":196,"column":6},"end":{"line":196,"column":null}},"type":"if","locations":[{"start":{"line":196,"column":6},"end":{"line":196,"column":null}}]},"6":{"loc":{"start":{"line":197,"column":22},"end":{"line":197,"column":32}},"type":"binary-expr","locations":[{"start":{"line":197,"column":22},"end":{"line":197,"column":30}},{"start":{"line":197,"column":30},"end":{"line":197,"column":32}}]},"7":{"loc":{"start":{"line":217,"column":6},"end":{"line":217,"column":null}},"type":"if","locations":[{"start":{"line":217,"column":6},"end":{"line":217,"column":null}}]},"8":{"loc":{"start":{"line":251,"column":6},"end":{"line":251,"column":null}},"type":"if","locations":[{"start":{"line":251,"column":6},"end":{"line":251,"column":null}}]},"9":{"loc":{"start":{"line":258,"column":4},"end":{"line":269,"column":null}},"type":"switch","locations":[{"start":{"line":259,"column":6},"end":{"line":260,"column":null}},{"start":{"line":261,"column":6},"end":{"line":262,"column":null}},{"start":{"line":263,"column":6},"end":{"line":264,"column":null}},{"start":{"line":265,"column":6},"end":{"line":266,"column":null}},{"start":{"line":267,"column":6},"end":{"line":268,"column":null}}]},"10":{"loc":{"start":{"line":292,"column":4},"end":{"line":296,"column":null}},"type":"if","locations":[{"start":{"line":292,"column":4},"end":{"line":296,"column":null}}]},"11":{"loc":{"start":{"line":298,"column":4},"end":{"line":302,"column":null}},"type":"if","locations":[{"start":{"line":298,"column":4},"end":{"line":302,"column":null}}]},"12":{"loc":{"start":{"line":309,"column":6},"end":{"line":313,"column":null}},"type":"if","locations":[{"start":{"line":309,"column":6},"end":{"line":313,"column":null}}]},"13":{"loc":{"start":{"line":332,"column":6},"end":{"line":343,"column":null}},"type":"if","locations":[{"start":{"line":332,"column":6},"end":{"line":343,"column":null}},{"start":{"line":340,"column":13},"end":{"line":343,"column":null}}]},"14":{"loc":{"start":{"line":332,"column":10},"end":{"line":332,"column":67}},"type":"binary-expr","locations":[{"start":{"line":332,"column":10},"end":{"line":332,"column":24}},{"start":{"line":332,"column":28},"end":{"line":332,"column":67}}]},"15":{"loc":{"start":{"line":356,"column":4},"end":{"line":360,"column":null}},"type":"if","locations":[{"start":{"line":356,"column":4},"end":{"line":360,"column":null}},{"start":{"line":358,"column":11},"end":{"line":360,"column":null}}]},"16":{"loc":{"start":{"line":364,"column":4},"end":{"line":381,"column":null}},"type":"if","locations":[{"start":{"line":364,"column":4},"end":{"line":381,"column":null}},{"start":{"line":368,"column":11},"end":{"line":381,"column":null}}]},"17":{"loc":{"start":{"line":369,"column":6},"end":{"line":372,"column":null}},"type":"if","locations":[{"start":{"line":369,"column":6},"end":{"line":372,"column":null}}]},"18":{"loc":{"start":{"line":386,"column":4},"end":{"line":401,"column":null}},"type":"if","locations":[{"start":{"line":386,"column":4},"end":{"line":401,"column":null}}]},"19":{"loc":{"start":{"line":386,"column":8},"end":{"line":386,"column":60}},"type":"binary-expr","locations":[{"start":{"line":386,"column":8},"end":{"line":386,"column":24}},{"start":{"line":386,"column":24},"end":{"line":386,"column":60}}]},"20":{"loc":{"start":{"line":396,"column":6},"end":{"line":400,"column":null}},"type":"if","locations":[{"start":{"line":396,"column":6},"end":{"line":400,"column":null}},{"start":{"line":398,"column":13},"end":{"line":400,"column":null}}]},"21":{"loc":{"start":{"line":422,"column":52},"end":{"line":422,"column":116}},"type":"cond-expr","locations":[{"start":{"line":422,"column":72},"end":{"line":422,"column":101}},{"start":{"line":422,"column":101},"end":{"line":422,"column":116}}]},"22":{"loc":{"start":{"line":424,"column":54},"end":{"line":424,"column":99}},"type":"cond-expr","locations":[{"start":{"line":424,"column":68},"end":{"line":424,"column":85}},{"start":{"line":424,"column":85},"end":{"line":424,"column":99}}]},"23":{"loc":{"start":{"line":425,"column":41},"end":{"line":425,"column":null}},"type":"cond-expr","locations":[{"start":{"line":425,"column":55},"end":{"line":425,"column":65}},{"start":{"line":425,"column":65},"end":{"line":425,"column":null}}]},"24":{"loc":{"start":{"line":428,"column":54},"end":{"line":428,"column":98}},"type":"cond-expr","locations":[{"start":{"line":428,"column":68},"end":{"line":428,"column":84}},{"start":{"line":428,"column":84},"end":{"line":428,"column":98}}]},"25":{"loc":{"start":{"line":428,"column":101},"end":{"line":428,"column":137}},"type":"cond-expr","locations":[{"start":{"line":428,"column":115},"end":{"line":428,"column":133}},{"start":{"line":428,"column":133},"end":{"line":428,"column":137}}]},"26":{"loc":{"start":{"line":429,"column":44},"end":{"line":429,"column":null}},"type":"cond-expr","locations":[{"start":{"line":429,"column":58},"end":{"line":429,"column":67}},{"start":{"line":429,"column":67},"end":{"line":429,"column":null}}]},"27":{"loc":{"start":{"line":444,"column":68},"end":{"line":444,"column":101}},"type":"cond-expr","locations":[{"start":{"line":444,"column":81},"end":{"line":444,"column":91}},{"start":{"line":444,"column":91},"end":{"line":444,"column":101}}]},"28":{"loc":{"start":{"line":448,"column":15},"end":{"line":448,"column":null}},"type":"binary-expr","locations":[{"start":{"line":448,"column":15},"end":{"line":448,"column":null}}]},"29":{"loc":{"start":{"line":452,"column":49},"end":{"line":452,"column":null}},"type":"cond-expr","locations":[{"start":{"line":452,"column":71},"end":{"line":452,"column":87}},{"start":{"line":452,"column":87},"end":{"line":452,"column":null}}]},"30":{"loc":{"start":{"line":454,"column":23},"end":{"line":454,"column":null}},"type":"cond-expr","locations":[{"start":{"line":454,"column":45},"end":{"line":454,"column":64}},{"start":{"line":454,"column":64},"end":{"line":454,"column":null}}]},"31":{"loc":{"start":{"line":468,"column":15},"end":{"line":468,"column":null}},"type":"binary-expr","locations":[{"start":{"line":468,"column":15},"end":{"line":468,"column":null}}]},"32":{"loc":{"start":{"line":475,"column":15},"end":{"line":475,"column":null}},"type":"binary-expr","locations":[{"start":{"line":475,"column":15},"end":{"line":475,"column":null}}]},"33":{"loc":{"start":{"line":499,"column":21},"end":{"line":499,"column":null}},"type":"cond-expr","locations":[{"start":{"line":499,"column":34},"end":{"line":499,"column":50}},{"start":{"line":499,"column":50},"end":{"line":499,"column":null}}]},"34":{"loc":{"start":{"line":500,"column":21},"end":{"line":500,"column":null}},"type":"cond-expr","locations":[{"start":{"line":500,"column":34},"end":{"line":500,"column":47}},{"start":{"line":500,"column":47},"end":{"line":500,"column":null}}]},"35":{"loc":{"start":{"line":503,"column":26},"end":{"line":503,"column":65}},"type":"cond-expr","locations":[{"start":{"line":503,"column":26},"end":{"line":503,"column":65}}]},"36":{"loc":{"start":{"line":504,"column":13},"end":{"line":504,"column":null}},"type":"cond-expr","locations":[{"start":{"line":504,"column":26},"end":{"line":504,"column":40}},{"start":{"line":504,"column":40},"end":{"line":504,"column":null}}]},"37":{"loc":{"start":{"line":508,"column":21},"end":{"line":508,"column":null}},"type":"cond-expr","locations":[{"start":{"line":508,"column":41},"end":{"line":508,"column":57}},{"start":{"line":508,"column":57},"end":{"line":508,"column":null}}]},"38":{"loc":{"start":{"line":513,"column":33},"end":{"line":513,"column":74}},"type":"cond-expr","locations":[{"start":{"line":513,"column":33},"end":{"line":513,"column":74}}]},"39":{"loc":{"start":{"line":514,"column":13},"end":{"line":514,"column":null}},"type":"cond-expr","locations":[{"start":{"line":514,"column":33},"end":{"line":514,"column":48}},{"start":{"line":514,"column":48},"end":{"line":514,"column":null}}]},"40":{"loc":{"start":{"line":518,"column":21},"end":{"line":518,"column":null}},"type":"cond-expr","locations":[{"start":{"line":518,"column":31},"end":{"line":518,"column":43}},{"start":{"line":518,"column":43},"end":{"line":518,"column":null}}]},"41":{"loc":{"start":{"line":522,"column":23},"end":{"line":522,"column":59}},"type":"cond-expr","locations":[{"start":{"line":522,"column":23},"end":{"line":522,"column":59}}]},"42":{"loc":{"start":{"line":523,"column":13},"end":{"line":523,"column":null}},"type":"cond-expr","locations":[{"start":{"line":523,"column":23},"end":{"line":523,"column":36}},{"start":{"line":523,"column":36},"end":{"line":523,"column":null}}]},"43":{"loc":{"start":{"line":554,"column":15},"end":{"line":554,"column":null}},"type":"binary-expr","locations":[{"start":{"line":554,"column":15},"end":{"line":554,"column":null}}]},"44":{"loc":{"start":{"line":555,"column":42},"end":{"line":555,"column":95}},"type":"cond-expr","locations":[{"start":{"line":555,"column":64},"end":{"line":555,"column":79}},{"start":{"line":555,"column":79},"end":{"line":555,"column":95}}]},"45":{"loc":{"start":{"line":556,"column":19},"end":{"line":556,"column":null}},"type":"cond-expr","locations":[{"start":{"line":556,"column":41},"end":{"line":556,"column":50}},{"start":{"line":556,"column":50},"end":{"line":556,"column":null}}]},"46":{"loc":{"start":{"line":565,"column":40},"end":{"line":565,"column":119}},"type":"cond-expr","locations":[{"start":{"line":565,"column":54},"end":{"line":565,"column":86}},{"start":{"line":565,"column":86},"end":{"line":565,"column":119}}]},"47":{"loc":{"start":{"line":568,"column":51},"end":{"line":568,"column":86}},"type":"cond-expr","locations":[{"start":{"line":568,"column":65},"end":{"line":568,"column":82}},{"start":{"line":568,"column":82},"end":{"line":568,"column":86}}]},"48":{"loc":{"start":{"line":569,"column":15},"end":{"line":570,"column":null}},"type":"cond-expr","locations":[{"start":{"line":569,"column":29},"end":{"line":569,"column":null}},{"start":{"line":570,"column":15},"end":{"line":570,"column":null}}]},"49":{"loc":{"start":{"line":570,"column":15},"end":{"line":570,"column":null}},"type":"cond-expr","locations":[{"start":{"line":570,"column":29},"end":{"line":570,"column":47}},{"start":{"line":570,"column":47},"end":{"line":570,"column":null}}]},"50":{"loc":{"start":{"line":578,"column":24},"end":{"line":578,"column":null}},"type":"binary-expr","locations":[{"start":{"line":578,"column":24},"end":{"line":578,"column":40}},{"start":{"line":578,"column":40},"end":{"line":578,"column":null}}]},"51":{"loc":{"start":{"line":581,"column":15},"end":{"line":583,"column":null}},"type":"cond-expr","locations":[{"start":{"line":581,"column":30},"end":{"line":581,"column":null}},{"start":{"line":582,"column":15},"end":{"line":583,"column":null}}]},"52":{"loc":{"start":{"line":582,"column":15},"end":{"line":583,"column":null}},"type":"cond-expr","locations":[{"start":{"line":582,"column":29},"end":{"line":582,"column":null}},{"start":{"line":583,"column":15},"end":{"line":583,"column":null}}]},"53":{"loc":{"start":{"line":587,"column":13},"end":{"line":587,"column":null}},"type":"binary-expr","locations":[{"start":{"line":587,"column":13},"end":{"line":587,"column":null}}]},"54":{"loc":{"start":{"line":597,"column":13},"end":{"line":597,"column":null}},"type":"binary-expr","locations":[{"start":{"line":597,"column":13},"end":{"line":597,"column":null}}]},"55":{"loc":{"start":{"line":607,"column":18},"end":{"line":625,"column":19}},"type":"cond-expr","locations":[{"start":{"line":607,"column":18},"end":{"line":625,"column":19}}]},"56":{"loc":{"start":{"line":618,"column":25},"end":{"line":618,"column":43}},"type":"binary-expr","locations":[{"start":{"line":618,"column":25},"end":{"line":618,"column":43}}]},"57":{"loc":{"start":{"line":628,"column":17},"end":{"line":628,"column":null}},"type":"binary-expr","locations":[{"start":{"line":628,"column":17},"end":{"line":628,"column":null}}]},"58":{"loc":{"start":{"line":710,"column":27},"end":{"line":710,"column":null}},"type":"binary-expr","locations":[{"start":{"line":710,"column":27},"end":{"line":710,"column":56}},{"start":{"line":710,"column":56},"end":{"line":710,"column":null}}]},"59":{"loc":{"start":{"line":711,"column":27},"end":{"line":711,"column":null}},"type":"binary-expr","locations":[{"start":{"line":711,"column":27},"end":{"line":711,"column":57}},{"start":{"line":711,"column":57},"end":{"line":711,"column":null}}]},"60":{"loc":{"start":{"line":712,"column":27},"end":{"line":712,"column":null}},"type":"binary-expr","locations":[{"start":{"line":712,"column":27},"end":{"line":712,"column":58}},{"start":{"line":712,"column":58},"end":{"line":712,"column":null}}]},"61":{"loc":{"start":{"line":713,"column":27},"end":{"line":713,"column":null}},"type":"binary-expr","locations":[{"start":{"line":713,"column":27},"end":{"line":713,"column":69}},{"start":{"line":713,"column":69},"end":{"line":713,"column":null}}]},"62":{"loc":{"start":{"line":716,"column":38},"end":{"line":716,"column":103}},"type":"cond-expr","locations":[{"start":{"line":716,"column":74},"end":{"line":716,"column":90}},{"start":{"line":716,"column":90},"end":{"line":716,"column":103}}]},"63":{"loc":{"start":{"line":721,"column":32},"end":{"line":721,"column":60}},"type":"binary-expr","locations":[{"start":{"line":721,"column":32},"end":{"line":721,"column":52}},{"start":{"line":721,"column":56},"end":{"line":721,"column":60}}]},"64":{"loc":{"start":{"line":726,"column":17},"end":{"line":726,"column":null}},"type":"binary-expr","locations":[{"start":{"line":726,"column":17},"end":{"line":726,"column":null}}]},"65":{"loc":{"start":{"line":751,"column":23},"end":{"line":751,"column":null}},"type":"binary-expr","locations":[{"start":{"line":751,"column":23},"end":{"line":751,"column":52}},{"start":{"line":751,"column":52},"end":{"line":751,"column":null}}]},"66":{"loc":{"start":{"line":754,"column":32},"end":{"line":754,"column":62}},"type":"binary-expr","locations":[{"start":{"line":754,"column":32},"end":{"line":754,"column":54}},{"start":{"line":754,"column":58},"end":{"line":754,"column":62}}]},"67":{"loc":{"start":{"line":759,"column":17},"end":{"line":759,"column":null}},"type":"binary-expr","locations":[{"start":{"line":759,"column":17},"end":{"line":759,"column":null}}]},"68":{"loc":{"start":{"line":786,"column":29},"end":{"line":786,"column":64}},"type":"cond-expr","locations":[{"start":{"line":786,"column":29},"end":{"line":786,"column":64}}]}},"s":{"0":0,"1":0,"2":0,"3":0,"4":0,"5":0,"6":0,"7":0,"8":0,"9":0,"10":0,"11":0,"12":0,"13":0,"14":0,"15":0,"16":0,"17":0,"18":0,"19":0,"20":0,"21":0,"22":0,"23":0,"24":0,"25":0,"26":0,"27":0,"28":0,"29":0,"30":0,"31":0,"32":0,"33":0,"34":0,"35":0,"36":0,"37":0,"38":0,"39":0,"40":0,"41":0,"42":0,"43":0,"44":0,"45":0,"46":0,"47":0,"48":0,"49":0,"50":0,"51":0,"52":0,"53":0,"54":0,"55":0,"56":0,"57":0,"58":0,"59":0,"60":0,"61":0,"62":0,"63":0,"64":0,"65":0,"66":0,"67":0,"68":0,"69":0,"70":0,"71":0,"72":0,"73":0,"74":0,"75":0,"76":0,"77":0,"78":0,"79":0,"80":0,"81":0,"82":0,"83":0,"84":0,"85":0,"86":0,"87":0,"88":0,"89":0,"90":0,"91":0,"92":0,"93":0,"94":0,"95":0,"96":0,"97":0,"98":0,"99":0,"100":0,"101":0,"102":0,"103":0,"104":0,"105":0,"106":0,"107":0,"108":0,"109":0,"110":0,"111":0,"112":0,"113":0,"114":0,"115":0,"116":0,"117":0,"118":0,"119":0,"120":0,"121":0,"122":0,"123":0,"124":0,"125":0,"126":0,"127":0,"128":0,"129":0,"130":0,"131":0,"132":0,"133":0,"134":0,"135":0,"136":0,"137":0,"138":0,"139":0,"140":0,"141":0,"142":0,"143":0,"144":0,"145":0,"146":0,"147":0,"148":0,"149":0,"150":0,"151":0,"152":0,"153":0,"154":0,"155":0,"156":0,"157":0,"158":0,"159":0,"160":0,"161":0,"162":0,"163":0,"164":0,"165":0,"166":0,"167":0,"168":0,"169":0,"170":0,"171":0},"f":{"0":0,"1":0,"2":0,"3":0,"4":0,"5":0,"6":0,"7":0,"8":0,"9":0,"10":0,"11":0,"12":0,"13":0,"14":0,"15":0,"16":0,"17":0,"18":0,"19":0,"20":0,"21":0,"22":0,"23":0,"24":0,"25":0,"26":0,"27":0,"28":0,"29":0,"30":0,"31":0,"32":0,"33":0},"b":{"0":[0],"1":[0,0],"2":[0,0],"3":[0],"4":[0,0],"5":[0],"6":[0,0],"7":[0],"8":[0],"9":[0,0,0,0,0],"10":[0],"11":[0],"12":[0],"13":[0,0],"14":[0,0],"15":[0,0],"16":[0,0],"17":[0],"18":[0],"19":[0,0],"20":[0,0],"21":[0,0],"22":[0,0],"23":[0,0],"24":[0,0],"25":[0,0],"26":[0,0],"27":[0,0],"28":[0],"29":[0,0],"30":[0,0],"31":[0],"32":[0],"33":[0,0],"34":[0,0],"35":[0],"36":[0,0],"37":[0,0],"38":[0],"39":[0,0],"40":[0,0],"41":[0],"42":[0,0],"43":[0],"44":[0,0],"45":[0,0],"46":[0,0],"47":[0,0],"48":[0,0],"49":[0,0],"50":[0,0],"51":[0,0],"52":[0,0],"53":[0],"54":[0],"55":[0],"56":[0],"57":[0],"58":[0,0],"59":[0,0],"60":[0,0],"61":[0,0],"62":[0,0],"63":[0,0],"64":[0],"65":[0,0],"66":[0,0],"67":[0],"68":[0]}}
,"C:\\Users\\מאיר\\Desktop\\‏‏תיקיה חדשה (5)\\components\\theme-provider.tsx": {"path":"C:\\Users\\מאיר\\Desktop\\‏‏תיקיה חדשה (5)\\components\\theme-provider.tsx","statementMap":{"0":{"start":{"line":9,"column":16},"end":{"line":9,"column":30}},"1":{"start":{"line":3,"column":23},"end":{"line":3,"column":null}},"2":{"start":{"line":7,"column":7},"end":{"line":7,"column":null}}},"fnMap":{"0":{"name":"ThemeProvider","decl":{"start":{"line":9,"column":16},"end":{"line":9,"column":30}},"loc":{"start":{"line":9,"column":72},"end":{"line":11,"column":null}}}},"branchMap":{},"s":{"0":0,"1":0,"2":0},"f":{"0":0},"b":{}}
,"C:\\Users\\מאיר\\Desktop\\‏‏תיקיה חדשה (5)\\components\\ui\\accordion.tsx": {"path":"C:\\Users\\מאיר\\Desktop\\‏‏תיקיה חדשה (5)\\components\\ui\\accordion.tsx","statementMap":{"0":{"start":{"line":58,"column":9},"end":{"line":58,"column":18}},"1":{"start":{"line":58,"column":53},"end":{"line":58,"column":69}},"2":{"start":{"line":58,"column":20},"end":{"line":58,"column":33}},"3":{"start":{"line":58,"column":35},"end":{"line":58,"column":51}},"4":{"start":{"line":3,"column":23},"end":{"line":3,"column":null}},"5":{"start":{"line":4,"column":36},"end":{"line":4,"column":null}},"6":{"start":{"line":5,"column":28},"end":{"line":5,"column":null}},"7":{"start":{"line":7,"column":19},"end":{"line":7,"column":null}},"8":{"start":{"line":9,"column":18},"end":{"line":9,"column":41}},"9":{"start":{"line":21,"column":0},"end":{"line":21,"column":null}},"10":{"start":{"line":41,"column":0},"end":{"line":41,"column":null}},"11":{"start":{"line":56,"column":0},"end":{"line":56,"column":null}}},"fnMap":{},"branchMap":{},"s":{"0":0,"1":0,"2":0,"3":0,"4":0,"5":0,"6":0,"7":0,"8":0,"9":0,"10":0,"11":0},"f":{},"b":{}}
,"C:\\Users\\מאיר\\Desktop\\‏‏תיקיה חדשה (5)\\components\\ui\\alert-dialog.tsx": {"path":"C:\\Users\\מאיר\\Desktop\\‏‏תיקיה חדשה (5)\\components\\ui\\alert-dialog.tsx","statementMap":{"0":{"start":{"line":130,"column":2},"end":{"line":130,"column":13}},"1":{"start":{"line":139,"column":2},"end":{"line":139,"column":19}},"2":{"start":{"line":140,"column":2},"end":{"line":140,"column":19}},"3":{"start":{"line":134,"column":2},"end":{"line":134,"column":20}},"4":{"start":{"line":138,"column":2},"end":{"line":138,"column":24}},"5":{"start":{"line":136,"column":2},"end":{"line":136,"column":19}},"6":{"start":{"line":135,"column":2},"end":{"line":135,"column":19}},"7":{"start":{"line":132,"column":2},"end":{"line":132,"column":20}},"8":{"start":{"line":131,"column":2},"end":{"line":131,"column":19}},"9":{"start":{"line":137,"column":2},"end":{"line":137,"column":18}},"10":{"start":{"line":133,"column":2},"end":{"line":133,"column":20}},"11":{"start":{"line":3,"column":23},"end":{"line":3,"column":null}},"12":{"start":{"line":4,"column":38},"end":{"line":4,"column":null}},"13":{"start":{"line":6,"column":19},"end":{"line":6,"column":null}},"14":{"start":{"line":7,"column":31},"end":{"line":7,"column":null}},"15":{"start":{"line":9,"column":20},"end":{"line":9,"column":45}},"16":{"start":{"line":11,"column":27},"end":{"line":11,"column":55}},"17":{"start":{"line":13,"column":26},"end":{"line":13,"column":53}},"18":{"start":{"line":28,"column":0},"end":{"line":28,"column":null}},"19":{"start":{"line":46,"column":0},"end":{"line":46,"column":null}},"20":{"start":{"line":60,"column":0},"end":{"line":60,"column":null}},"21":{"start":{"line":74,"column":0},"end":{"line":74,"column":null}},"22":{"start":{"line":86,"column":0},"end":{"line":86,"column":null}},"23":{"start":{"line":98,"column":0},"end":{"line":99,"column":null}},"24":{"start":{"line":111,"column":0},"end":{"line":111,"column":null}},"25":{"start":{"line":127,"column":0},"end":{"line":127,"column":null}}},"fnMap":{},"branchMap":{},"s":{"0":0,"1":0,"2":0,"3":0,"4":0,"5":0,"6":0,"7":0,"8":0,"9":0,"10":0,"11":0,"12":0,"13":0,"14":0,"15":0,"16":0,"17":0,"18":0,"19":0,"20":0,"21":0,"22":0,"23":0,"24":0,"25":0},"f":{},"b":{}}
,"C:\\Users\\מאיר\\Desktop\\‏‏תיקיה חדשה (5)\\components\\ui\\alert.tsx": {"path":"C:\\Users\\מאיר\\Desktop\\‏‏תיקיה חדשה (5)\\components\\ui\\alert.tsx","statementMap":{"0":{"start":{"line":59,"column":9},"end":{"line":59,"column":14}},"1":{"start":{"line":59,"column":28},"end":{"line":59,"column":44}},"2":{"start":{"line":59,"column":16},"end":{"line":59,"column":26}},"3":{"start":{"line":1,"column":23},"end":{"line":1,"column":null}},"4":{"start":{"line":2,"column":39},"end":{"line":2,"column":null}},"5":{"start":{"line":4,"column":19},"end":{"line":4,"column":null}},"6":{"start":{"line":6,"column":22},"end":{"line":19,"column":null}},"7":{"start":{"line":33,"column":0},"end":{"line":33,"column":null}},"8":{"start":{"line":45,"column":0},"end":{"line":45,"column":null}},"9":{"start":{"line":57,"column":0},"end":{"line":57,"column":null}}},"fnMap":{},"branchMap":{},"s":{"0":0,"1":0,"2":0,"3":0,"4":0,"5":0,"6":0,"7":0,"8":0,"9":0},"f":{},"b":{}}
,"C:\\Users\\מאיר\\Desktop\\‏‏תיקיה חדשה (5)\\components\\ui\\aspect-ratio.tsx": {"path":"C:\\Users\\מאיר\\Desktop\\‏‏תיקיה חדשה (5)\\components\\ui\\aspect-ratio.tsx","statementMap":{"0":{"start":{"line":7,"column":9},"end":{"line":7,"column":null}},"1":{"start":{"line":3,"column":38},"end":{"line":3,"column":null}},"2":{"start":{"line":5,"column":20},"end":{"line":5,"column":45}}},"fnMap":{},"branchMap":{},"s":{"0":0,"1":0,"2":0},"f":{},"b":{}}
,"C:\\Users\\מאיר\\Desktop\\‏‏תיקיה חדשה (5)\\components\\ui\\avatar.tsx": {"path":"C:\\Users\\מאיר\\Desktop\\‏‏תיקיה חדשה (5)\\components\\ui\\avatar.tsx","statementMap":{"0":{"start":{"line":50,"column":9},"end":{"line":50,"column":15}},"1":{"start":{"line":50,"column":30},"end":{"line":50,"column":44}},"2":{"start":{"line":50,"column":17},"end":{"line":50,"column":28}},"3":{"start":{"line":3,"column":23},"end":{"line":3,"column":null}},"4":{"start":{"line":4,"column":33},"end":{"line":4,"column":null}},"5":{"start":{"line":6,"column":19},"end":{"line":6,"column":null}},"6":{"start":{"line":21,"column":0},"end":{"line":21,"column":null}},"7":{"start":{"line":33,"column":0},"end":{"line":33,"column":null}},"8":{"start":{"line":48,"column":0},"end":{"line":48,"column":null}}},"fnMap":{},"branchMap":{},"s":{"0":0,"1":0,"2":0,"3":0,"4":0,"5":0,"6":0,"7":0,"8":0},"f":{},"b":{}}
,"C:\\Users\\מאיר\\Desktop\\‏‏תיקיה חדשה (5)\\components\\ui\\badge.tsx": {"path":"C:\\Users\\מאיר\\Desktop\\‏‏תיקיה חדשה (5)\\components\\ui\\badge.tsx","statementMap":{"0":{"start":{"line":36,"column":9},"end":{"line":36,"column":14}},"1":{"start":{"line":36,"column":16},"end":{"line":36,"column":29}},"2":{"start":{"line":1,"column":23},"end":{"line":1,"column":null}},"3":{"start":{"line":2,"column":39},"end":{"line":2,"column":null}},"4":{"start":{"line":4,"column":19},"end":{"line":4,"column":null}},"5":{"start":{"line":6,"column":22},"end":{"line":23,"column":null}}},"fnMap":{"0":{"name":"Badge","decl":{"start":{"line":30,"column":9},"end":{"line":30,"column":15}},"loc":{"start":{"line":30,"column":59},"end":{"line":34,"column":null}}}},"branchMap":{},"s":{"0":0,"1":0,"2":0,"3":0,"4":0,"5":0},"f":{"0":0},"b":{}}
,"C:\\Users\\מאיר\\Desktop\\‏‏תיקיה חדשה (5)\\components\\ui\\breadcrumb.tsx": {"path":"C:\\Users\\מאיר\\Desktop\\‏‏תיקיה חדשה (5)\\components\\ui\\breadcrumb.tsx","statementMap":{"0":{"start":{"line":108,"column":2},"end":{"line":108,"column":12}},"1":{"start":{"line":114,"column":2},"end":{"line":114,"column":20}},"2":{"start":{"line":110,"column":2},"end":{"line":110,"column":16}},"3":{"start":{"line":111,"column":2},"end":{"line":111,"column":16}},"4":{"start":{"line":109,"column":2},"end":{"line":109,"column":16}},"5":{"start":{"line":112,"column":2},"end":{"line":112,"column":16}},"6":{"start":{"line":113,"column":2},"end":{"line":113,"column":21}},"7":{"start":{"line":1,"column":23},"end":{"line":1,"column":null}},"8":{"start":{"line":2,"column":21},"end":{"line":2,"column":null}},"9":{"start":{"line":3,"column":45},"end":{"line":3,"column":null}},"10":{"start":{"line":5,"column":19},"end":{"line":5,"column":null}},"11":{"start":{"line":13,"column":0},"end":{"line":13,"column":null}},"12":{"start":{"line":28,"column":0},"end":{"line":28,"column":null}},"13":{"start":{"line":40,"column":0},"end":{"line":40,"column":null}},"14":{"start":{"line":42,"column":23},"end":{"line":57,"column":null}},"15":{"start":{"line":48,"column":15},"end":{"line":48,"column":null}},"16":{"start":{"line":58,"column":0},"end":{"line":58,"column":null}},"17":{"start":{"line":73,"column":0},"end":{"line":73,"column":null}},"18":{"start":{"line":89,"column":0},"end":{"line":89,"column":null}},"19":{"start":{"line":105,"column":0},"end":{"line":105,"column":null}}},"fnMap":{"0":{"name":"(anonymous_14)","decl":{"start":{"line":47,"column":2},"end":{"line":47,"column":3}},"loc":{"start":{"line":47,"column":37},"end":{"line":57,"column":null}}}},"branchMap":{"0":{"loc":{"start":{"line":48,"column":15},"end":{"line":48,"column":null}},"type":"cond-expr","locations":[{"start":{"line":48,"column":25},"end":{"line":48,"column":29}},{"start":{"line":48,"column":32},"end":{"line":48,"column":null}}]},"1":{"loc":{"start":{"line":86,"column":5},"end":{"line":86,"column":null}},"type":"binary-expr","locations":[{"start":{"line":86,"column":5},"end":{"line":86,"column":17}},{"start":{"line":86,"column":17},"end":{"line":86,"column":null}}]}},"s":{"0":0,"1":0,"2":0,"3":0,"4":0,"5":0,"6":0,"7":0,"8":0,"9":0,"10":0,"11":0,"12":0,"13":0,"14":0,"15":0,"16":0,"17":0,"18":0,"19":0},"f":{"0":0},"b":{"0":[0,0],"1":[0,0]}}
,"C:\\Users\\מאיר\\Desktop\\‏‏תיקיה חדשה (5)\\components\\ui\\button.tsx": {"path":"C:\\Users\\מאיר\\Desktop\\‏‏תיקיה חדשה (5)\\components\\ui\\button.tsx","statementMap":{"0":{"start":{"line":56,"column":9},"end":{"line":56,"column":15}},"1":{"start":{"line":56,"column":17},"end":{"line":56,"column":31}},"2":{"start":{"line":1,"column":23},"end":{"line":1,"column":null}},"3":{"start":{"line":2,"column":21},"end":{"line":2,"column":null}},"4":{"start":{"line":3,"column":39},"end":{"line":3,"column":null}},"5":{"start":{"line":5,"column":19},"end":{"line":5,"column":null}},"6":{"start":{"line":7,"column":23},"end":{"line":33,"column":null}},"7":{"start":{"line":42,"column":15},"end":{"line":52,"column":null}},"8":{"start":{"line":44,"column":17},"end":{"line":44,"column":null}},"9":{"start":{"line":54,"column":0},"end":{"line":54,"column":null}}},"fnMap":{"0":{"name":"(anonymous_6)","decl":{"start":{"line":43,"column":2},"end":{"line":43,"column":3}},"loc":{"start":{"line":43,"column":60},"end":{"line":52,"column":null}}}},"branchMap":{"0":{"loc":{"start":{"line":43,"column":31},"end":{"line":43,"column":46}},"type":"default-arg","locations":[{"start":{"line":43,"column":41},"end":{"line":43,"column":46}}]},"1":{"loc":{"start":{"line":44,"column":17},"end":{"line":44,"column":null}},"type":"cond-expr","locations":[{"start":{"line":44,"column":27},"end":{"line":44,"column":31}},{"start":{"line":44,"column":34},"end":{"line":44,"column":null}}]}},"s":{"0":0,"1":0,"2":0,"3":0,"4":0,"5":0,"6":0,"7":0,"8":0,"9":0},"f":{"0":0},"b":{"0":[0],"1":[0,0]}}
,"C:\\Users\\מאיר\\Desktop\\‏‏תיקיה חדשה (5)\\components\\ui\\calendar.tsx": {"path":"C:\\Users\\מאיר\\Desktop\\‏‏תיקיה חדשה (5)\\components\\ui\\calendar.tsx","statementMap":{"0":{"start":{"line":66,"column":9},"end":{"line":66,"column":null}},"1":{"start":{"line":3,"column":23},"end":{"line":3,"column":null}},"2":{"start":{"line":4,"column":42},"end":{"line":4,"column":null}},"3":{"start":{"line":5,"column":26},"end":{"line":5,"column":null}},"4":{"start":{"line":7,"column":19},"end":{"line":7,"column":null}},"5":{"start":{"line":8,"column":31},"end":{"line":8,"column":null}},"6":{"start":{"line":64,"column":0},"end":{"line":64,"column":null}}},"fnMap":{"0":{"name":"Calendar","decl":{"start":{"line":12,"column":9},"end":{"line":12,"column":18}},"loc":{"start":{"line":17,"column":16},"end":{"line":63,"column":null}}}},"branchMap":{"0":{"loc":{"start":{"line":15,"column":2},"end":{"line":15,"column":24}},"type":"default-arg","locations":[{"start":{"line":15,"column":20},"end":{"line":15,"column":24}}]}},"s":{"0":0,"1":0,"2":0,"3":0,"4":0,"5":0,"6":0},"f":{"0":0},"b":{"0":[0]}}
[...]
:{"line":184,"column":null}},"52":{"start":{"line":180,"column":20},"end":{"line":180,"column":null}},"53":{"start":{"line":181,"column":6},"end":{"line":183,"column":null}},"54":{"start":{"line":182,"column":8},"end":{"line":182,"column":null}},"55":{"start":{"line":187,"column":2},"end":{"line":191,"column":null}},"56":{"start":{"line":190,"column":35},"end":{"line":190,"column":null}}},"fnMap":{"0":{"name":"genId","decl":{"start":{"line":30,"column":9},"end":{"line":30,"column":null}},"loc":{"start":{"line":30,"column":9},"end":{"line":33,"column":null}}},"1":{"name":"(anonymous_8)","decl":{"start":{"line":61,"column":25},"end":{"line":61,"column":26}},"loc":{"start":{"line":61,"column":26},"end":{"line":75,"column":null}}},"2":{"name":"(anonymous_9)","decl":{"start":{"line":66,"column":29},"end":{"line":66,"column":null}},"loc":{"start":{"line":66,"column":29},"end":{"line":72,"column":5}}},"3":{"name":"(anonymous_10)","decl":{"start":{"line":77,"column":23},"end":{"line":77,"column":24}},"loc":{"start":{"line":77,"column":38},"end":{"line":130,"column":null}}},"4":{"name":"(anonymous_11)","decl":{"start":{"line":88,"column":33},"end":{"line":88,"column":34}},"loc":{"start":{"line":89,"column":10},"end":{"line":89,"column":null}}},"5":{"name":"(anonymous_12)","decl":{"start":{"line":101,"column":29},"end":{"line":101,"column":30}},"loc":{"start":{"line":101,"column":30},"end":{"line":103,"column":null}}},"6":{"name":"(anonymous_13)","decl":{"start":{"line":108,"column":33},"end":{"line":108,"column":34}},"loc":{"start":{"line":109,"column":10},"end":{"line":114,"column":null}}},"7":{"name":"(anonymous_14)","decl":{"start":{"line":127,"column":36},"end":{"line":127,"column":37}},"loc":{"start":{"line":127,"column":43},"end":{"line":127,"column":66}}},"8":{"name":"dispatch","decl":{"start":{"line":136,"column":9},"end":{"line":136,"column":18}},"loc":{"start":{"line":136,"column":32},"end":{"line":141,"column":null}}},"9":{"name":"(anonymous_16)","decl":{"start":{"line":138,"column":20},"end":{"line":138,"column":21}},"loc":{"start":{"line":138,"column":21},"end":{"line":140,"column":null}}},"10":{"name":"toast","decl":{"start":{"line":145,"column":9},"end":{"line":145,"column":15}},"loc":{"start":{"line":145,"column":34},"end":{"line":172,"column":null}}},"11":{"name":"(anonymous_18)","decl":{"start":{"line":148,"column":17},"end":{"line":148,"column":18}},"loc":{"start":{"line":149,"column":4},"end":{"line":152,"column":null}}},"12":{"name":"(anonymous_19)","decl":{"start":{"line":153,"column":18},"end":{"line":153,"column":24}},"loc":{"start":{"line":153,"column":24},"end":{"line":153,"column":null}}},"13":{"name":"(anonymous_20)","decl":{"start":{"line":161,"column":20},"end":{"line":161,"column":21}},"loc":{"start":{"line":161,"column":21},"end":{"line":163,"column":null}}},"14":{"name":"useToast","decl":{"start":{"line":174,"column":9},"end":{"line":174,"column":null}},"loc":{"start":{"line":174,"column":9},"end":{"line":192,"column":null}}},"15":{"name":"(anonymous_22)","decl":{"start":{"line":177,"column":18},"end":{"line":177,"column":null}},"loc":{"start":{"line":177,"column":18},"end":{"line":185,"column":5}}},"16":{"name":"(anonymous_23)","decl":{"start":{"line":179,"column":11},"end":{"line":179,"column":null}},"loc":{"start":{"line":179,"column":11},"end":{"line":184,"column":null}}},"17":{"name":"(anonymous_24)","decl":{"start":{"line":190,"column":13},"end":{"line":190,"column":14}},"loc":{"start":{"line":190,"column":35},"end":{"line":190,"column":null}}}},"branchMap":{"0":{"loc":{"start":{"line":62,"column":2},"end":{"line":64,"column":null}},"type":"if","locations":[{"start":{"line":62,"column":2},"end":{"line":64,"column":null}}]},"1":{"loc":{"start":{"line":78,"column":2},"end":{"line":129,"column":null}},"type":"switch","locations":[{"start":{"line":79,"column":4},"end":{"line":83,"column":null}},{"start":{"line":85,"column":4},"end":{"line":91,"column":null}},{"start":{"line":93,"column":4},"end":{"line":117,"column":null}},{"start":{"line":118,"column":4},"end":{"line":128,"column":null}}]},"2":{"loc":{"start":{"line":89,"column":10},"end":{"line":89,"column":null}},"type":"cond-expr","locations":[{"start":{"line":89,"column":37},"end":{"line":89,"column":65}},{"start":{"line":89,"column":65},"end":{"line":89,"column":null}}]},"3":{"loc":{"start":{"line":98,"column":6},"end":{"line":104,"column":null}},"type":"if","locations":[{"start":{"line":98,"column":6},"end":{"line":104,"column":null}},{"start":{"line":100,"column":13},"end":{"line":104,"column":null}}]},"4":{"loc":{"start":{"line":109,"column":10},"end":{"line":114,"column":null}},"type":"cond-expr","locations":[{"start":{"line":110,"column":14},"end":{"line":113,"column":null}},{"start":{"line":114,"column":14},"end":{"line":114,"column":null}}]},"5":{"loc":{"start":{"line":109,"column":10},"end":{"line":109,"column":null}},"type":"binary-expr","locations":[{"start":{"line":109,"column":10},"end":{"line":109,"column":30}},{"start":{"line":109,"column":30},"end":{"line":109,"column":null}}]},"6":{"loc":{"start":{"line":119,"column":6},"end":{"line":124,"column":null}},"type":"if","locations":[{"start":{"line":119,"column":6},"end":{"line":124,"column":null}}]},"7":{"loc":{"start":{"line":162,"column":8},"end":{"line":162,"column":null}},"type":"if","locations":[{"start":{"line":162,"column":8},"end":{"line":162,"column":null}}]},"8":{"loc":{"start":{"line":181,"column":6},"end":{"line":183,"column":null}},"type":"if","locations":[{"start":{"line":181,"column":6},"end":{"line":183,"column":null}}]}},"s":{"0":0,"1":0,"2":0,"3":0,"4":0,"5":0,"6":0,"7":0,"8":0,"9":0,"10":0,"11":0,"12":0,"13":0,"14":0,"15":0,"16":0,"17":0,"18":0,"19":0,"20":0,"21":0,"22":0,"23":0,"24":0,"25":0,"26":0,"27":0,"28":0,"29":0,"30":0,"31":0,"32":0,"33":0,"34":0,"35":0,"36":0,"37":0,"38":0,"39":0,"40":0,"41":0,"42":0,"43":0,"44":0,"45":0,"46":0,"47":0,"48":0,"49":0,"50":0,"51":0,"52":0,"53":0,"54":0,"55":0,"56":0},"f":{"0":0,"1":0,"2":0,"3":0,"4":0,"5":0,"6":0,"7":0,"8":0,"9":0,"10":0,"11":0,"12":0,"13":0,"14":0,"15":0,"16":0,"17":0},"b":{"0":[0],"1":[0,0,0,0],"2":[0,0],"3":[0,0],"4":[0,0],"5":[0,0],"6":[0],"7":[0],"8":[0]}}
,"C:\\Users\\מאיר\\Desktop\\‏‏תיקיה חדשה (5)\\lib\\supabase.ts": {"path":"C:\\Users\\מאיר\\Desktop\\‏‏תיקיה חדשה (5)\\lib\\supabase.ts","statementMap":{"0":{"start":{"line":6,"column":13},"end":{"line":6,"column":24}},"1":{"start":{"line":1,"column":29},"end":{"line":1,"column":null}},"2":{"start":{"line":3,"column":20},"end":{"line":3,"column":56}},"3":{"start":{"line":4,"column":24},"end":{"line":4,"column":65}},"4":{"start":{"line":6,"column":24},"end":{"line":6,"column":null}}},"fnMap":{},"branchMap":{},"s":{"0":0,"1":0,"2":0,"3":0,"4":0},"f":{},"b":{}}
,"C:\\Users\\מאיר\\Desktop\\‏‏תיקיה חדשה (5)\\lib\\utils.ts": {"path":"C:\\Users\\מאיר\\Desktop\\‏‏תיקיה חדשה (5)\\lib\\utils.ts","statementMap":{"0":{"start":{"line":4,"column":16},"end":{"line":4,"column":19}},"1":{"start":{"line":1,"column":38},"end":{"line":1,"column":null}},"2":{"start":{"line":2,"column":24},"end":{"line":2,"column":null}},"3":{"start":{"line":5,"column":2},"end":{"line":5,"column":null}}},"fnMap":{"0":{"name":"cn","decl":{"start":{"line":4,"column":16},"end":{"line":4,"column":19}},"loc":{"start":{"line":4,"column":42},"end":{"line":6,"column":null}}}},"branchMap":{},"s":{"0":0,"1":0,"2":0,"3":0},"f":{"0":0},"b":{}}
,"C:\\Users\\מאיר\\Desktop\\‏‏תיקיה חדשה (5)\\lib\\websocket.ts": {"path":"C:\\Users\\מאיר\\Desktop\\‏‏תיקיה חדשה (5)\\lib\\websocket.ts","statementMap":{"0":{"start":{"line":156,"column":0},"end":{"line":156,"column":15}},"1":{"start":{"line":1,"column":27},"end":{"line":1,"column":null}},"2":{"start":{"line":10,"column":4},"end":{"line":13,"column":null}},"3":{"start":{"line":11,"column":6},"end":{"line":11,"column":null}},"4":{"start":{"line":12,"column":6},"end":{"line":12,"column":null}},"5":{"start":{"line":15,"column":4},"end":{"line":15,"column":null}},"6":{"start":{"line":17,"column":4},"end":{"line":21,"column":null}},"7":{"start":{"line":23,"column":4},"end":{"line":27,"column":null}},"8":{"start":{"line":24,"column":6},"end":{"line":24,"column":null}},"9":{"start":{"line":25,"column":6},"end":{"line":25,"column":null}},"10":{"start":{"line":26,"column":6},"end":{"line":26,"column":null}},"11":{"start":{"line":29,"column":4},"end":{"line":37,"column":null}},"12":{"start":{"line":30,"column":6},"end":{"line":30,"column":null}},"13":{"start":{"line":31,"column":6},"end":{"line":31,"column":null}},"14":{"start":{"line":33,"column":6},"end":{"line":36,"column":null}},"15":{"start":{"line":35,"column":8},"end":{"line":35,"column":null}},"16":{"start":{"line":39,"column":4},"end":{"line":42,"column":null}},"17":{"start":{"line":40,"column":6},"end":{"line":40,"column":null}},"18":{"start":{"line":41,"column":6},"end":{"line":41,"column":null}},"19":{"start":{"line":44,"column":4},"end":{"line":44,"column":null}},"20":{"start":{"line":48,"column":4},"end":{"line":51,"column":null}},"21":{"start":{"line":49,"column":6},"end":{"line":49,"column":null}},"22":{"start":{"line":50,"column":6},"end":{"line":50,"column":null}},"23":{"start":{"line":53,"column":4},"end":{"line":53,"column":null}},"24":{"start":{"line":54,"column":18},"end":{"line":54,"column":null}},"25":{"start":{"line":56,"column":4},"end":{"line":56,"column":null}},"26":{"start":{"line":58,"column":4},"end":{"line":60,"column":null}},"27":{"start":{"line":59,"column":6},"end":{"line":59,"column":null}},"28":{"start":{"line":64,"column":4},"end":{"line":67,"column":null}},"29":{"start":{"line":65,"column":6},"end":{"line":65,"column":null}},"30":{"start":{"line":66,"column":6},"end":{"line":66,"column":null}},"31":{"start":{"line":69,"column":4},"end":{"line":69,"column":null}},"32":{"start":{"line":70,"column":4},"end":{"line":70,"column":null}},"33":{"start":{"line":72,"column":4},"end":{"line":82,"column":null}},"34":{"start":{"line":73,"column":22},"end":{"line":75,"column":null}},"35":{"start":{"line":74,"column":8},"end":{"line":74,"column":null}},"36":{"start":{"line":77,"column":6},"end":{"line":81,"column":null}},"37":{"start":{"line":78,"column":8},"end":{"line":78,"column":null}},"38":{"start":{"line":79,"column":8},"end":{"line":79,"column":null}},"39":{"start":{"line":80,"column":8},"end":{"line":80,"column":null}},"40":{"start":{"line":86,"column":4},"end":{"line":89,"column":null}},"41":{"start":{"line":87,"column":6},"end":{"line":87,"column":null}},"42":{"start":{"line":88,"column":6},"end":{"line":88,"column":null}},"43":{"start":{"line":91,"column":4},"end":{"line":91,"column":null}},"44":{"start":{"line":92,"column":4},"end":{"line":92,"column":null}},"45":{"start":{"line":94,"column":4},"end":{"line":103,"column":null}},"46":{"start":{"line":95,"column":6},"end":{"line":98,"column":null}},"47":{"start":{"line":96,"column":8},"end":{"line":96,"column":null}},"48":{"start":{"line":97,"column":8},"end":{"line":97,"column":null}},"49":{"start":{"line":100,"column":6},"end":{"line":102,"column":null}},"50":{"start":{"line":101,"column":8},"end":{"line":101,"column":null}},"51":{"start":{"line":107,"column":4},"end":{"line":110,"column":null}},"52":{"start":{"line":108,"column":6},"end":{"line":108,"column":null}},"53":{"start":{"line":109,"column":6},"end":{"line":109,"column":null}},"54":{"start":{"line":112,"column":4},"end":{"line":112,"column":null}},"55":{"start":{"line":113,"column":4},"end":{"line":113,"column":null}},"56":{"start":{"line":117,"column":4},"end":{"line":120,"column":null}},"57":{"start":{"line":118,"column":6},"end":{"line":118,"column":null}},"58":{"start":{"line":119,"column":6},"end":{"line":119,"column":null}},"59":{"start":{"line":122,"column":4},"end":{"line":122,"column":null}},"60":{"start":{"line":126,"column":4},"end":{"line":126,"column":null}},"61":{"start":{"line":126,"column":22},"end":{"line":126,"column":null}},"62":{"start":{"line":128,"column":4},"end":{"line":132,"column":null}},"63":{"start":{"line":129,"column":6},"end":{"line":129,"column":null}},"64":{"start":{"line":131,"column":6},"end":{"line":131,"column":null}},"65":{"start":{"line":136,"column":4},"end":{"line":141,"column":null}},"66":{"start":{"line":137,"column":6},"end":{"line":137,"column":null}},"67":{"start":{"line":138,"column":6},"end":{"line":138,"column":null}},"68":{"start":{"line":139,"column":6},"end":{"line":139,"column":null}},"69":{"start":{"line":140,"column":6},"end":{"line":140,"column":null}},"70":{"start":{"line":145,"column":4},"end":{"line":145,"column":null}},"71":{"start":{"line":149,"column":4},"end":{"line":149,"column":null}},"72":{"start":{"line":4,"column":10},"end":{"line":4,"column":null}},"73":{"start":{"line":5,"column":10},"end":{"line":5,"column":null}},"74":{"start":{"line":6,"column":10},"end":{"line":6,"column":null}},"75":{"start":{"line":7,"column":10},"end":{"line":7,"column":null}},"76":{"start":{"line":154,"column":25},"end":{"line":154,"column":null}},"77":{"start":{"line":156,"column":15},"end":{"line":156,"column":null}}},"fnMap":{"0":{"name":"(anonymous_1)","decl":{"start":{"line":9,"column":2},"end":{"line":9,"column":10}},"loc":{"start":{"line":9,"column":55},"end":{"line":45,"column":null}}},"1":{"name":"(anonymous_2)","decl":{"start":{"line":23,"column":30},"end":{"line":23,"column":null}},"loc":{"start":{"line":23,"column":30},"end":{"line":27,"column":null}}},"2":{"name":"(anonymous_3)","decl":{"start":{"line":29,"column":33},"end":{"line":29,"column":34}},"loc":{"start":{"line":29,"column":34},"end":{"line":37,"column":null}}},"3":{"name":"(anonymous_4)","decl":{"start":{"line":39,"column":36},"end":{"line":39,"column":37}},"loc":{"start":{"line":39,"column":37},"end":{"line":42,"column":null}}},"4":{"name":"(anonymous_5)","decl":{"start":{"line":47,"column":10},"end":{"line":47,"column":22}},"loc":{"start":{"line":47,"column":22},"end":{"line":61,"column":null}}},"5":{"name":"(anonymous_6)","decl":{"start":{"line":58,"column":15},"end":{"line":58,"column":null}},"loc":{"start":{"line":58,"column":15},"end":{"line":60,"column":7}}},"6":{"name":"(anonymous_7)","decl":{"start":{"line":63,"column":2},"end":{"line":63,"column":15}},"loc":{"start":{"line":63,"column":31},"end":{"line":83,"column":null}}},"7":{"name":"(anonymous_8)","decl":{"start":{"line":72,"column":23},"end":{"line":72,"column":24}},"loc":{"start":{"line":72,"column":33},"end":{"line":82,"column":null}}},"8":{"name":"(anonymous_9)","decl":{"start":{"line":73,"column":33},"end":{"line":73,"column":null}},"loc":{"start":{"line":73,"column":33},"end":{"line":75,"column":9}}},"9":{"name":"(anonymous_10)","decl":{"start":{"line":77,"column":38},"end":{"line":77,"column":39}},"loc":{"start":{"line":77,"column":39},"end":{"line":81,"column":null}}},"10":{"name":"(anonymous_11)","decl":{"start":{"line":85,"column":2},"end":{"line":85,"column":24}},"loc":{"start":{"line":85,"column":58},"end":{"line":104,"column":null}}},"11":{"name":"(anonymous_12)","decl":{"start":{"line":94,"column":23},"end":{"line":94,"column":24}},"loc":{"start":{"line":94,"column":33},"end":{"line":103,"column":null}}},"12":{"name":"(anonymous_13)","decl":{"start":{"line":95,"column":36},"end":{"line":95,"column":37}},"loc":{"start":{"line":95,"column":37},"end":{"line":98,"column":null}}},"13":{"name":"(anonymous_14)","decl":{"start":{"line":100,"column":17},"end":{"line":100,"column":null}},"loc":{"start":{"line":100,"column":17},"end":{"line":102,"column":9}}},"14":{"name":"(anonymous_15)","decl":{"start":{"line":106,"column":2},"end":{"line":106,"column":14}},"loc":{"start":{"line":106,"column":40},"end":{"line":114,"column":null}}},"15":{"name":"(anonymous_16)","decl":{"start":{"line":116,"column":2},"end":{"line":116,"column":12}},"loc":{"start":{"line":116,"column":58},"end":{"line":123,"column":null}}},"16":{"name":"(anonymous_17)","decl":{"start":{"line":125,"column":2},"end":{"line":125,"column":13}},"loc":{"start":{"line":125,"column":60},"end":{"line":133,"column":null}}},"17":{"name":"(anonymous_18)","decl":{"start":{"line":135,"column":2},"end":{"line":135,"column":15}},"loc":{"start":{"line":135,"column":15},"end":{"line":142,"column":null}}},"18":{"name":"(anonymous_19)","decl":{"start":{"line":144,"column":2},"end":{"line":144,"column":6}},"loc":{"start":{"line":144,"column":18},"end":{"line":146,"column":null}}},"19":{"name":"(anonymous_20)","decl":{"start":{"line":148,"column":2},"end":{"line":148,"column":6}},"loc":{"start":{"line":148,"column":17},"end":{"line":150,"column":null}}}},"branchMap":{"0":{"loc":{"start":{"line":9,"column":10},"end":{"line":9,"column":53}},"type":"default-arg","locations":[{"start":{"line":9,"column":30},"end":{"line":9,"column":53}}]},"1":{"loc":{"start":{"line":10,"column":4},"end":{"line":13,"column":null}},"type":"if","locations":[{"start":{"line":10,"column":4},"end":{"line":13,"column":null}}]},"2":{"loc":{"start":{"line":33,"column":6},"end":{"line":36,"column":null}},"type":"if","locations":[{"start":{"line":33,"column":6},"end":{"line":36,"column":null}}]},"3":{"loc":{"start":{"line":48,"column":4},"end":{"line":51,"column":null}},"type":"if","locations":[{"start":{"line":48,"column":4},"end":{"line":51,"column":null}}]},"4":{"loc":{"start":{"line":64,"column":4},"end":{"line":67,"column":null}},"type":"if","locations":[{"start":{"line":64,"column":4},"end":{"line":67,"column":null}}]},"5":{"loc":{"start":{"line":85,"column":24},"end":{"line":85,"column":56}},"type":"default-arg","locations":[{"start":{"line":85,"column":45},"end":{"line":85,"column":56}}]},"6":{"loc":{"start":{"line":86,"column":4},"end":{"line":89,"column":null}},"type":"if","locations":[{"start":{"line":86,"column":4},"end":{"line":89,"column":null}}]},"7":{"loc":{"start":{"line":107,"column":4},"end":{"line":110,"column":null}},"type":"if","locations":[{"start":{"line":107,"column":4},"end":{"line":110,"column":null}}]},"8":{"loc":{"start":{"line":107,"column":8},"end":{"line":107,"column":41}},"type":"binary-expr","locations":[{"start":{"line":107,"column":8},"end":{"line":107,"column":25}},{"start":{"line":107,"column":29},"end":{"line":107,"column":41}}]},"9":{"loc":{"start":{"line":117,"column":4},"end":{"line":120,"column":null}},"type":"if","locations":[{"start":{"line":117,"column":4},"end":{"line":120,"column":null}}]},"10":{"loc":{"start":{"line":126,"column":4},"end":{"line":126,"column":null}},"type":"if","locations":[{"start":{"line":126,"column":4},"end":{"line":126,"column":null}}]},"11":{"loc":{"start":{"line":128,"column":4},"end":{"line":132,"column":null}},"type":"if","locations":[{"start":{"line":128,"column":4},"end":{"line":132,"column":null}},{"start":{"line":130,"column":11},"end":{"line":132,"column":null}}]},"12":{"loc":{"start":{"line":136,"column":4},"end":{"line":141,"column":null}},"type":"if","locations":[{"start":{"line":136,"column":4},"end":{"line":141,"column":null}}]},"13":{"loc":{"start":{"line":145,"column":11},"end":{"line":145,"column":null}},"type":"binary-expr","locations":[{"start":{"line":145,"column":11},"end":{"line":145,"column":27}},{"start":{"line":145,"column":31},"end":{"line":145,"column":null}}]}},"s":{"0":59,"1":1,"2":19,"3":0,"4":0,"5":19,"6":19,"7":19,"8":0,"9":0,"10":0,"11":19,"12":0,"13":0,"14":0,"15":0,"16":19,"17":0,"18":0,"19":19,"20":0,"21":0,"22":0,"23":0,"24":0,"25":0,"26":0,"27":0,"28":3,"29":1,"30":1,"31":2,"32":2,"33":2,"34":2,"35":2,"36":2,"37":0,"38":0,"39":0,"40":2,"41":0,"42":0,"43":2,"44":2,"45":2,"46":2,"47":0,"48":0,"49":2,"50":1,"51":2,"52":2,"53":2,"54":0,"55":0,"56":2,"57":1,"58":1,"59":1,"60":2,"61":0,"62":2,"63":1,"64":1,"65":25,"66":18,"67":18,"68":18,"69":18,"70":2,"71":2,"72":1,"73":1,"74":1,"75":1,"76":1,"77":1},"f":{"0":19,"1":0,"2":0,"3":0,"4":0,"5":0,"6":3,"7":2,"8":2,"9":0,"10":2,"11":2,"12":0,"13":1,"14":2,"15":2,"16":2,"17":25,"18":2,"19":2},"b":{"0":[18],"1":[0],"2":[0],"3":[0],"4":[1],"5":[1],"6":[0],"7":[2],"8":[2,0],"9":[1],"10":[0],"11":[1,1],"12":[18],"13":[2,0]}}
}
